#
# A fatal error has been detected by the Java Runtime Environment:
#
#  EXCEPTION_ACCESS_VIOLATION (0xc0000005) at pc=0x000002163e580000, pid=1460, tid=21896
#
# JRE version: Java(TM) SE Runtime Environment (16.0.2+7) (build 16.0.2+7-67)
# Java VM: Java HotSpot(TM) 64-Bit Server VM (16.0.2+7-67, mixed mode, sharing, tiered, compressed oops, compressed class ptrs, g1 gc, windows-amd64)
# Problematic frame:
# C  0x000002163e580000
#
# No core dump will be written. Minidumps are not enabled by default on client versions of Windows
#
# If you would like to submit a bug report, please visit:
#   https://bugreport.java.com/bugreport/crash.jsp
# The crash happened outside the Java Virtual Machine in native code.
# See problematic frame for where to report the bug.
#

---------------  S U M M A R Y ------------

Command Line: -Dforge.logging.console.level=debug -Dforge.logging.markers=REGISTRIES -XX:+IgnoreUnrecognizedVMOptions --add-exports=java.base/sun.security.util=ALL-UNNAMED --add-exports=jdk.naming.dns/com.sun.jndi.dns=java.naming --add-opens=java.base/java.util.jar=ALL-UNNAMED -XX:HeapDumpPath=MojangTricksIntelDriversForPerformance_javaw.exe_minecraft.exe.heapdump -Dos.name=Windows 10 -Dos.version=10.0 -javaagent:E:\Intellij Idea\IntelliJ IDEA Community Edition 2023.2.5\lib\idea_rt.jar=55581:E:\Intellij Idea\IntelliJ IDEA Community Edition 2023.2.5\bin -Dfile.encoding=UTF-8 net.minecraftforge.userdev.LaunchTesting

Host: AMD Ryzen 7 2700X Eight-Core Processor         , 16 cores, 31G,  Windows 10 , 64 bit Build 14393 (10.0.14393.4651)
Time: Sat Feb  3 12:51:29 2024 RTZ 2 (зима) elapsed time: 165.680386 seconds (0d 0h 2m 45s)

---------------  T H R E A D  ---------------

Current thread (0x0000021646a39a80):  JavaThread "Server thread" [_thread_in_native, id=21896, stack(0x000000710eb00000,0x000000710ec00000)]

Stack: [0x000000710eb00000,0x000000710ec00000],  sp=0x000000710ebfe768,  free space=1017k
Native frames: (J=compiled Java code, j=interpreted, Vv=VM code, C=native code)
C  0x000002163e580000

Java frames: (J=compiled Java code, j=interpreted, Vv=VM code)
J 11932  org.lwjgl.system.JNI.invokeD(J)D (0 bytes) @ 0x0000021617d001f1 [0x0000021617d001a0+0x0000000000000051]
J 19754 c2 net.minecraft.util.concurrent.ThreadTaskExecutor.driveUntil(Ljava/util/function/BooleanSupplier;)V (60 bytes) @ 0x00000216184cf578 [0x00000216184cf4c0+0x00000000000000b8]
J 21568 c1 net.minecraft.server.MinecraftServer.runScheduledTasks()V (15 bytes) @ 0x0000021610266874 [0x00000216102661c0+0x00000000000006b4]
j  net.minecraft.server.MinecraftServer.func_240802_v_()V+252
j  net.minecraft.server.MinecraftServer.lambda$startServer$0(Ljava/util/concurrent/atomic/AtomicReference;)V+7
j  net.minecraft.server.MinecraftServer$$Lambda$5344+0x00000008017be408.run()V+4
j  java.lang.Thread.run()V+11 java.base@16.0.2
v  ~StubRoutines::call_stub

siginfo: EXCEPTION_ACCESS_VIOLATION (0xc0000005), data execution prevention violation at address 0x000002163e580000


Register to memory mapping:

RIP=0x000002163e580000 is an unknown value
RAX=0x000002163e580000 is an unknown value
RBX=0x0000000000010001 is an unknown value
RCX=0x0000000000010001 is an unknown value
RDX=0x000000710ebfe7a0 is pointing into the stack for thread: 0x0000021646a39a80
RSP=0x000000710ebfe768 is pointing into the stack for thread: 0x0000021646a39a80
RBP=0x000000710ebfe870 is pointing into the stack for thread: 0x0000021646a39a80
RSI=3258112332 is a compressed pointer to object: java.util.concurrent.ConcurrentLinkedQueue$Node 
{0x000000061196ca60} - klass: 'java/util/concurrent/ConcurrentLinkedQueue$Node'
RDI=3140419 is a compressed pointer to class: 0x00000008017f5a18
net.minecraft.server.MinecraftServer$$Lambda$5438/0x00000008017f5a18 {0x00000008017f5a20}
R8 =0x00007ff9242f3960 glfw.dll
R9 =0x000000060e4421e0 is an oop: java.lang.Thread 
{0x000000060e4421e0} - klass: 'java/lang/Thread'
R10=0x00007ff9215f1a10 lwjgl.dll
R11=0x000000710ebfebd8 is pointing into the stack for thread: 0x0000021646a39a80
R12=0x0 is NULL
R13=0x000000061196ca60 is an oop: java.util.concurrent.ConcurrentLinkedQueue$Node 
{0x000000061196ca60} - klass: 'java/util/concurrent/ConcurrentLinkedQueue$Node'
R14=0x000000710ebfec70 is pointing into the stack for thread: 0x0000021646a39a80
R15=0x0000021646a39a80 is a thread


Registers:
RAX=0x000002163e580000, RBX=0x0000000000010001, RCX=0x0000000000010001, RDX=0x000000710ebfe7a0
RSP=0x000000710ebfe768, RBP=0x000000710ebfe870, RSI=0x00000000c232d94c, RDI=0x00000000002feb43
R8 =0x00007ff9242f3960, R9 =0x000000060e4421e0, R10=0x00007ff9215f1a10, R11=0x000000710ebfebd8
R12=0x0000000000000000, R13=0x000000061196ca60, R14=0x000000710ebfec70, R15=0x0000021646a39a80
RIP=0x000002163e580000, EFLAGS=0x0000000000010206

Top of Stack: (sp=0x000000710ebfe768)
0x000000710ebfe768:   00007ff9242f1f7c 00000006109ffeb0
0x000000710ebfe778:   0000021617ed4e14 000000060e447868
0x000000710ebfe788:   00000000c1c88f3d 0000000800010ba0
0x000000710ebfe798:   000000000000056e 57464c4720656854
0x000000710ebfe7a8:   7972617262696c20 20746f6e20736920
0x000000710ebfe7b8:   696c616974696e69 3ffcdce40064657a
0x000000710ebfe7c8:   0000000000000148 0000000000002ee4
0x000000710ebfe7d8:   000002166cfe45f8 0000000612127b78
0x000000710ebfe7e8:   00000216119d3364 00000000c21bc508
0x000000710ebfe7f8:   0000021618341344 0000000611dca930
0x000000710ebfe808:   00000000000001cf 000002160f91b1c0
0x000000710ebfe818:   0000021646a39a80 000000000000073b
0x000000710ebfe828:   000000000000073b 0000000000000000
0x000000710ebfe838:   00007ff9242fa9c8 0000021643dd47f0
0x000000710ebfe848:   00007ff8eb4ec045 000000063c067a78
0x000000710ebfe858:   0000021618127814 000000063c0677b0 

Instructions: (pc=0x000002163e580000)
0x000002163e57ff00:   ?? ?? ?? ?? ?? ?? ?? ?? ?? ?? ?? ?? ?? ?? ?? ??
0x000002163e57ff10:   ?? ?? ?? ?? ?? ?? ?? ?? ?? ?? ?? ?? ?? ?? ?? ??
0x000002163e57ff20:   ?? ?? ?? ?? ?? ?? ?? ?? ?? ?? ?? ?? ?? ?? ?? ??
0x000002163e57ff30:   ?? ?? ?? ?? ?? ?? ?? ?? ?? ?? ?? ?? ?? ?? ?? ??
0x000002163e57ff40:   ?? ?? ?? ?? ?? ?? ?? ?? ?? ?? ?? ?? ?? ?? ?? ??
0x000002163e57ff50:   ?? ?? ?? ?? ?? ?? ?? ?? ?? ?? ?? ?? ?? ?? ?? ??
0x000002163e57ff60:   ?? ?? ?? ?? ?? ?? ?? ?? ?? ?? ?? ?? ?? ?? ?? ??
0x000002163e57ff70:   ?? ?? ?? ?? ?? ?? ?? ?? ?? ?? ?? ?? ?? ?? ?? ??
0x000002163e57ff80:   ?? ?? ?? ?? ?? ?? ?? ?? ?? ?? ?? ?? ?? ?? ?? ??
0x000002163e57ff90:   ?? ?? ?? ?? ?? ?? ?? ?? ?? ?? ?? ?? ?? ?? ?? ??
0x000002163e57ffa0:   ?? ?? ?? ?? ?? ?? ?? ?? ?? ?? ?? ?? ?? ?? ?? ??
0x000002163e57ffb0:   ?? ?? ?? ?? ?? ?? ?? ?? ?? ?? ?? ?? ?? ?? ?? ??
0x000002163e57ffc0:   ?? ?? ?? ?? ?? ?? ?? ?? ?? ?? ?? ?? ?? ?? ?? ??
0x000002163e57ffd0:   ?? ?? ?? ?? ?? ?? ?? ?? ?? ?? ?? ?? ?? ?? ?? ??
0x000002163e57ffe0:   ?? ?? ?? ?? ?? ?? ?? ?? ?? ?? ?? ?? ?? ?? ?? ??
0x000002163e57fff0:   ?? ?? ?? ?? ?? ?? ?? ?? ?? ?? ?? ?? ?? ?? ?? ??
0x000002163e580000:   ?? ?? ?? ?? ?? ?? ?? ?? ?? ?? ?? ?? ?? ?? ?? ??
0x000002163e580010:   ?? ?? ?? ?? ?? ?? ?? ?? ?? ?? ?? ?? ?? ?? ?? ??
0x000002163e580020:   ?? ?? ?? ?? ?? ?? ?? ?? ?? ?? ?? ?? ?? ?? ?? ??
0x000002163e580030:   ?? ?? ?? ?? ?? ?? ?? ?? ?? ?? ?? ?? ?? ?? ?? ??
0x000002163e580040:   ?? ?? ?? ?? ?? ?? ?? ?? ?? ?? ?? ?? ?? ?? ?? ??
0x000002163e580050:   ?? ?? ?? ?? ?? ?? ?? ?? ?? ?? ?? ?? ?? ?? ?? ??
0x000002163e580060:   ?? ?? ?? ?? ?? ?? ?? ?? ?? ?? ?? ?? ?? ?? ?? ??
0x000002163e580070:   ?? ?? ?? ?? ?? ?? ?? ?? ?? ?? ?? ?? ?? ?? ?? ??
0x000002163e580080:   ?? ?? ?? ?? ?? ?? ?? ?? ?? ?? ?? ?? ?? ?? ?? ??
0x000002163e580090:   ?? ?? ?? ?? ?? ?? ?? ?? ?? ?? ?? ?? ?? ?? ?? ??
0x000002163e5800a0:   ?? ?? ?? ?? ?? ?? ?? ?? ?? ?? ?? ?? ?? ?? ?? ??
0x000002163e5800b0:   ?? ?? ?? ?? ?? ?? ?? ?? ?? ?? ?? ?? ?? ?? ?? ??
0x000002163e5800c0:   ?? ?? ?? ?? ?? ?? ?? ?? ?? ?? ?? ?? ?? ?? ?? ??
0x000002163e5800d0:   ?? ?? ?? ?? ?? ?? ?? ?? ?? ?? ?? ?? ?? ?? ?? ??
0x000002163e5800e0:   ?? ?? ?? ?? ?? ?? ?? ?? ?? ?? ?? ?? ?? ?? ?? ??
0x000002163e5800f0:   ?? ?? ?? ?? ?? ?? ?? ?? ?? ?? ?? ?? ?? ?? ?? ?? 


Stack slot to memory mapping:
stack at sp + 0 slots: 0x00007ff9242f1f7c glfw.dll
stack at sp + 1 slots: 0x00000006109ffeb0 is an oop: com.google.common.collect.ImmutableMapEntry$NonTerminalImmutableMapEntry 
{0x00000006109ffeb0} - klass: 'com/google/common/collect/ImmutableMapEntry$NonTerminalImmutableMapEntry'
stack at sp + 2 slots: 0x0000021617ed4e14 is at entry_point+244 in (nmethod*)0x0000021617ed4b90
stack at sp + 3 slots: 0x000000060e447868 is an oop: net.minecraft.world.GameRules$RuleKey 
{0x000000060e447868} - klass: 'net/minecraft/world/GameRules$RuleKey'
stack at sp + 4 slots: 3251146557 is a compressed pointer to object: java.lang.String 
{0x000000060e4479e8} - klass: 'java/lang/String'
stack at sp + 5 slots: 0x0000000800010ba0 is a pointer to class: 
stack at sp + 6 slots: 0x000000000000056e is an unknown value
stack at sp + 7 slots: 0x57464c4720656854 is an unknown value


---------------  P R O C E S S  ---------------

Threads class SMR info:
_java_thread_list=0x000002164186f0d0, length=34, elements={
0x0000021608177bd0, 0x00000216345ab310, 0x00000216345ac0e0, 0x00000216345bd4e0,
0x00000216345bdef0, 0x00000216345c0d20, 0x00000216345c1630, 0x00000216345c2270,
0x00000216345d73b0, 0x00000216345ea970, 0x00000216351f8f90, 0x000002163617f7d0,
0x00000216361a2420, 0x0000021636fb4910, 0x00000216373ec030, 0x000002163753e360,
0x0000021640efbb90, 0x0000021640efa650, 0x0000021640efaba0, 0x0000021640efc0e0,
0x0000021640efd0d0, 0x0000021642269b00, 0x000002164226a050, 0x000002164226d570,
0x0000021642270a90, 0x0000021646a3c500, 0x0000021646a39a80, 0x0000021646a3a520,
0x0000021640efb640, 0x0000021659c8d620, 0x0000021659c8cb80, 0x0000021659c8b640,
0x0000021659c8bb90, 0x0000021659c8e610
}

Java Threads: ( => current thread )
  0x0000021608177bd0 JavaThread "Render thread" [_thread_blocked, id=9304, stack(0x0000007104600000,0x0000007104700000)]
  0x00000216345ab310 JavaThread "Reference Handler" daemon [_thread_blocked, id=22844, stack(0x0000007104d00000,0x0000007104e00000)]
  0x00000216345ac0e0 JavaThread "Finalizer" daemon [_thread_blocked, id=23212, stack(0x0000007104e00000,0x0000007104f00000)]
  0x00000216345bd4e0 JavaThread "Signal Dispatcher" daemon [_thread_blocked, id=21656, stack(0x0000007104f00000,0x0000007105000000)]
  0x00000216345bdef0 JavaThread "Attach Listener" daemon [_thread_blocked, id=22536, stack(0x0000007105000000,0x0000007105100000)]
  0x00000216345c0d20 JavaThread "Service Thread" daemon [_thread_blocked, id=664, stack(0x0000007105100000,0x0000007105200000)]
  0x00000216345c1630 JavaThread "Monitor Deflation Thread" daemon [_thread_blocked, id=2932, stack(0x0000007105200000,0x0000007105300000)]
  0x00000216345c2270 JavaThread "C2 CompilerThread0" daemon [_thread_blocked, id=16076, stack(0x0000007105300000,0x0000007105400000)]
  0x00000216345d73b0 JavaThread "C1 CompilerThread0" daemon [_thread_blocked, id=22956, stack(0x0000007105400000,0x0000007105500000)]
  0x00000216345ea970 JavaThread "Sweeper thread" daemon [_thread_blocked, id=9976, stack(0x0000007105500000,0x0000007105600000)]
  0x00000216351f8f90 JavaThread "Common-Cleaner" daemon [_thread_blocked, id=9352, stack(0x0000007105600000,0x0000007105700000)]
  0x000002163617f7d0 JavaThread "Monitor Ctrl-Break" daemon [_thread_in_native, id=21736, stack(0x0000007105b00000,0x0000007105c00000)]
  0x00000216361a2420 JavaThread "Notification Thread" daemon [_thread_blocked, id=10608, stack(0x0000007105c00000,0x0000007105d00000)]
  0x0000021636fb4910 JavaThread "ForkJoinPool.commonPool-worker-19" daemon [_thread_blocked, id=17912, stack(0x0000007106c00000,0x0000007106d00000)]
  0x00000216373ec030 JavaThread "Thread-0" daemon [_thread_blocked, id=22444, stack(0x0000007106d00000,0x0000007106e00000)]
  0x000002163753e360 JavaThread "FileSystemWatchService" daemon [_thread_in_native, id=23452, stack(0x0000007106e00000,0x0000007106f00000)]
  0x0000021640efbb90 JavaThread "Worker-Bootstrap-1" daemon [_thread_blocked, id=7116, stack(0x0000007108700000,0x0000007108800000)]
  0x0000021640efa650 JavaThread "Worker-Bootstrap-2" daemon [_thread_blocked, id=9916, stack(0x0000007108800000,0x0000007108900000)]
  0x0000021640efaba0 JavaThread "Worker-Bootstrap-3" daemon [_thread_blocked, id=18364, stack(0x0000007108900000,0x0000007108a00000)]
  0x0000021640efc0e0 JavaThread "Worker-Bootstrap-4" daemon [_thread_blocked, id=13680, stack(0x0000007108a00000,0x0000007108b00000)]
  0x0000021640efd0d0 JavaThread "Worker-Bootstrap-6" daemon [_thread_blocked, id=8396, stack(0x0000007108c00000,0x0000007108d00000)]
  0x0000021642269b00 JavaThread "Timer hack thread" daemon [_thread_blocked, id=16864, stack(0x0000007109a00000,0x0000007109b00000)]
  0x000002164226a050 JavaThread "Snooper Timer" daemon [_thread_blocked, id=21976, stack(0x0000007109b00000,0x0000007109c00000)]
  0x000002164226d570 JavaThread "modloading-worker-9" daemon [_thread_blocked, id=16676, stack(0x000000710a800000,0x000000710a900000)]
  0x0000021642270a90 JavaThread "modloading-worker-4" daemon [_thread_blocked, id=21940, stack(0x000000710ab00000,0x000000710ac00000)]
  0x0000021646a3c500 JavaThread "Snooper Timer" daemon [_thread_blocked, id=22936, stack(0x000000710ea00000,0x000000710eb00000)]
=>0x0000021646a39a80 JavaThread "Server thread" [_thread_in_native, id=21896, stack(0x000000710eb00000,0x000000710ec00000)]
  0x0000021646a3a520 JavaThread "FileSystemWatchService" daemon [_thread_in_native, id=12696, stack(0x000000710ee00000,0x000000710ef00000)]
  0x0000021640efb640 JavaThread "Java2D Disposer" daemon [_thread_blocked, id=22168, stack(0x000000710f700000,0x000000710f800000)]
  0x0000021659c8d620 JavaThread "ObjectCleanerThread" daemon [_thread_blocked, id=20228, stack(0x0000007110200000,0x0000007110300000)]
  0x0000021659c8cb80 JavaThread "Netty Server IO #0" daemon [_thread_in_native, id=16948, stack(0x0000007110300000,0x0000007110400000)]
  0x0000021659c8b640 JavaThread "Netty Local Client IO #0" daemon [_thread_blocked, id=22036, stack(0x0000007110400000,0x0000007110500000)]
  0x0000021659c8bb90 JavaThread "Netty Server IO #1" daemon [_thread_in_native, id=13976, stack(0x0000007110500000,0x0000007110600000)]
  0x0000021659c8e610 JavaThread "Sound engine" daemon [_thread_blocked, id=9572, stack(0x0000007110f00000,0x0000007111000000)]

Other Threads:
  0x00000216345a53a0 VMThread "VM Thread" [stack: 0x0000007104c00000,0x0000007104d00000] [id=2588]
  0x00000216353acc00 WatcherThread [stack: 0x0000007105d00000,0x0000007105e00000] [id=20104]
  0x00000216081ee730 GCTaskThread "GC Thread#0" [stack: 0x0000007104700000,0x0000007104800000] [id=20200]
  0x00000216367f7360 GCTaskThread "GC Thread#1" [stack: 0x0000007105e00000,0x0000007105f00000] [id=7536]
  0x0000021636aa2600 GCTaskThread "GC Thread#2" [stack: 0x0000007105f00000,0x0000007106000000] [id=6964]
  0x00000216366976d0 GCTaskThread "GC Thread#3" [stack: 0x0000007106000000,0x0000007106100000] [id=9132]
  0x00000216366979e0 GCTaskThread "GC Thread#4" [stack: 0x0000007106100000,0x0000007106200000] [id=21952]
  0x0000021636e47a20 GCTaskThread "GC Thread#5" [stack: 0x0000007106200000,0x0000007106300000] [id=13936]
  0x0000021636e481b0 GCTaskThread "GC Thread#6" [stack: 0x0000007106300000,0x0000007106400000] [id=9272]
  0x0000021636e484c0 GCTaskThread "GC Thread#7" [stack: 0x0000007106400000,0x0000007106500000] [id=20576]
  0x0000021636d19600 GCTaskThread "GC Thread#8" [stack: 0x0000007106500000,0x0000007106600000] [id=22684]
  0x0000021636d186b0 GCTaskThread "GC Thread#9" [stack: 0x0000007106600000,0x0000007106700000] [id=20556]
  0x0000021636d17d80 GCTaskThread "GC Thread#10" [stack: 0x0000007106700000,0x0000007106800000] [id=9156]
  0x0000021636d189c0 GCTaskThread "GC Thread#11" [stack: 0x0000007106800000,0x0000007106900000] [id=22256]
  0x0000021637532f60 GCTaskThread "GC Thread#12" [stack: 0x0000007107a00000,0x0000007107b00000] [id=22592]
  0x0000021608200610 ConcurrentGCThread "G1 Main Marker" [stack: 0x0000007104800000,0x0000007104900000] [id=12316]
  0x0000021608201b50 ConcurrentGCThread "G1 Conc#0" [stack: 0x0000007104900000,0x0000007104a00000] [id=8468]
  0x0000021637535420 ConcurrentGCThread "G1 Conc#1" [stack: 0x0000007108100000,0x0000007108200000] [id=9432]
  0x0000021637534e00 ConcurrentGCThread "G1 Conc#2" [stack: 0x0000007108200000,0x0000007108300000] [id=2968]
  0x000002160823d020 ConcurrentGCThread "G1 Refine#0" [stack: 0x0000007104a00000,0x0000007104b00000] [id=2700]
  0x0000021642442c30 ConcurrentGCThread "G1 Refine#1" [stack: 0x0000007109000000,0x0000007109100000] [id=22840]
  0x00000216421243f0 ConcurrentGCThread "G1 Refine#2" [stack: 0x0000007109100000,0x0000007109200000] [id=23444]
  0x000002164060d990 ConcurrentGCThread "G1 Refine#3" [stack: 0x0000007109200000,0x0000007109300000] [id=23456]
  0x00000216353b5fe0 ConcurrentGCThread "G1 Refine#4" [stack: 0x0000007109300000,0x0000007109400000] [id=14220]
  0x0000021642fce680 ConcurrentGCThread "G1 Refine#5" [stack: 0x0000007109400000,0x0000007109500000] [id=22860]
  0x0000021636410a90 ConcurrentGCThread "G1 Refine#6" [stack: 0x0000007109500000,0x0000007109600000] [id=23020]
  0x000002163640fa50 ConcurrentGCThread "G1 Refine#7" [stack: 0x0000007109600000,0x0000007109700000] [id=10708]
  0x000002160823d9b0 ConcurrentGCThread "G1 Service" [stack: 0x0000007104b00000,0x0000007104c00000] [id=19956]

Threads with active compile tasks:

VM state: not at safepoint (normal execution)

VM Mutex/Monitor currently owned by a thread: None

Heap address: 0x0000000601000000, size: 8176 MB, Compressed Oops mode: Zero based, Oop shift amount: 3

CDS archive(s) mapped at: [0x0000000800000000-0x0000000800bb0000-0x0000000800bb0000), size 12255232, SharedBaseAddress: 0x0000000800000000, ArchiveRelocationMode: 0.
Compressed class space mapped at: 0x0000000800c00000-0x0000000840c00000, reserved size: 1073741824
Narrow klass base: 0x0000000800000000, Narrow klass shift: 3, Narrow klass range: 0x100000000

GC Precious Log:
 CPUs: 16 total, 16 available
 Memory: 32698M
 Large Page Support: Disabled
 NUMA Support: Disabled
 Compressed Oops: Enabled (Zero based)
 Heap Region Size: 4M
 Heap Min Capacity: 8M
 Heap Initial Capacity: 512M
 Heap Max Capacity: 8176M
 Pre-touch: Disabled
 Parallel Workers: 13
 Concurrent Workers: 3
 Concurrent Refinement Workers: 13
 Periodic GC: Disabled

Heap:
 garbage-first heap   total 1310720K, used 706648K [0x0000000601000000, 0x0000000800000000)
  region size 4096K, 86 young (352256K), 2 survivors (8192K)
 Metaspace       used 94592K, committed 96000K, reserved 1138688K
  class space    used 12815K, committed 13440K, reserved 1048576K

Heap Regions: E=young(eden), S=young(survivor), O=old, HS=humongous(starts), HC=humongous(continues), CS=collection set, F=free, OA=open archive, CA=closed archive, TAMS=top-at-mark-start (previous, next)
|   0|0x0000000601000000, 0x0000000601400000, 0x0000000601400000|100%| O|  |TAMS 0x0000000601400000, 0x0000000601000000| Untracked 
|   1|0x0000000601400000, 0x0000000601800000, 0x0000000601800000|100%| O|  |TAMS 0x0000000601800000, 0x0000000601400000| Untracked 
|   2|0x0000000601800000, 0x0000000601a07a00, 0x0000000601c00000| 50%| O|  |TAMS 0x0000000601a07a00, 0x0000000601800000| Untracked 
|   3|0x0000000601c00000, 0x0000000602000000, 0x0000000602000000|100%| O|  |TAMS 0x0000000602000000, 0x0000000601c00000| Untracked 
|   4|0x0000000602000000, 0x000000060235e800, 0x0000000602400000| 84%| O|  |TAMS 0x000000060235e800, 0x0000000602000000| Untracked 
|   5|0x0000000602400000, 0x0000000602800000, 0x0000000602800000|100%| O|  |TAMS 0x0000000602800000, 0x0000000602400000| Untracked 
|   6|0x0000000602800000, 0x0000000602c00000, 0x0000000602c00000|100%| O|  |TAMS 0x0000000602c00000, 0x0000000602800000| Untracked 
|   7|0x0000000602c00000, 0x0000000603000000, 0x0000000603000000|100%| O|  |TAMS 0x0000000603000000, 0x0000000602c00000| Untracked 
|   8|0x0000000603000000, 0x0000000603400000, 0x0000000603400000|100%| O|  |TAMS 0x0000000603400000, 0x0000000603000000| Untracked 
|   9|0x0000000603400000, 0x0000000603800000, 0x0000000603800000|100%| O|  |TAMS 0x0000000603800000, 0x0000000603400000| Untracked 
|  10|0x0000000603800000, 0x0000000603c00000, 0x0000000603c00000|100%| O|  |TAMS 0x0000000603c00000, 0x0000000603800000| Untracked 
|  11|0x0000000603c00000, 0x0000000604000000, 0x0000000604000000|100%| O|  |TAMS 0x0000000604000000, 0x0000000603c00000| Untracked 
|  12|0x0000000604000000, 0x0000000604400000, 0x0000000604400000|100%| O|  |TAMS 0x0000000604400000, 0x0000000604000000| Untracked 
|  13|0x0000000604400000, 0x0000000604800000, 0x0000000604800000|100%| O|  |TAMS 0x0000000604800000, 0x0000000604400000| Untracked 
|  14|0x0000000604800000, 0x0000000604c00000, 0x0000000604c00000|100%| O|  |TAMS 0x0000000604c00000, 0x0000000604800000| Untracked 
|  15|0x0000000604c00000, 0x0000000605000000, 0x0000000605000000|100%| O|  |TAMS 0x0000000605000000, 0x0000000604c00000| Untracked 
|  16|0x0000000605000000, 0x0000000605400000, 0x0000000605400000|100%| O|  |TAMS 0x0000000605400000, 0x0000000605000000| Untracked 
|  17|0x0000000605400000, 0x0000000605800000, 0x0000000605800000|100%| O|  |TAMS 0x0000000605800000, 0x0000000605400000| Untracked 
|  18|0x0000000605800000, 0x0000000605c00000, 0x0000000605c00000|100%| O|  |TAMS 0x0000000605c00000, 0x0000000605800000| Untracked 
|  19|0x0000000605c00000, 0x0000000606000000, 0x0000000606000000|100%| O|  |TAMS 0x0000000606000000, 0x0000000605c00000| Untracked 
|  20|0x0000000606000000, 0x0000000606400000, 0x0000000606400000|100%| O|  |TAMS 0x0000000606400000, 0x0000000606000000| Untracked 
|  21|0x0000000606400000, 0x0000000606800000, 0x0000000606800000|100%| O|  |TAMS 0x0000000606800000, 0x0000000606400000| Untracked 
|  22|0x0000000606800000, 0x0000000606c00000, 0x0000000606c00000|100%| O|  |TAMS 0x0000000606c00000, 0x0000000606800000| Untracked 
|  23|0x0000000606c00000, 0x0000000607000000, 0x0000000607000000|100%| O|  |TAMS 0x0000000607000000, 0x0000000606c00000| Untracked 
|  24|0x0000000607000000, 0x0000000607400000, 0x0000000607400000|100%| O|  |TAMS 0x0000000607400000, 0x0000000607000000| Untracked 
|  25|0x0000000607400000, 0x0000000607800000, 0x0000000607800000|100%| O|  |TAMS 0x0000000607800000, 0x0000000607400000| Untracked 
|  26|0x0000000607800000, 0x0000000607c00000, 0x0000000607c00000|100%| O|  |TAMS 0x0000000607c00000, 0x0000000607800000| Untracked 
|  27|0x0000000607c00000, 0x0000000608000000, 0x0000000608000000|100%| O|  |TAMS 0x0000000608000000, 0x0000000607c00000| Untracked 
|  28|0x0000000608000000, 0x0000000608400000, 0x0000000608400000|100%| O|  |TAMS 0x0000000608400000, 0x0000000608000000| Untracked 
|  29|0x0000000608400000, 0x0000000608800000, 0x0000000608800000|100%| O|  |TAMS 0x0000000608800000, 0x0000000608400000| Untracked 
|  30|0x0000000608800000, 0x0000000608c00000, 0x0000000608c00000|100%| O|  |TAMS 0x0000000608c00000, 0x0000000608800000| Untracked 
|  31|0x0000000608c00000, 0x0000000609000000, 0x0000000609000000|100%| O|  |TAMS 0x0000000609000000, 0x0000000608c00000| Untracked 
|  32|0x0000000609000000, 0x0000000609400000, 0x0000000609400000|100%| O|  |TAMS 0x0000000609400000, 0x0000000609000000| Untracked 
|  33|0x0000000609400000, 0x0000000609800000, 0x0000000609800000|100%| O|  |TAMS 0x0000000609800000, 0x0000000609400000| Untracked 
|  34|0x0000000609800000, 0x0000000609c00000, 0x0000000609c00000|100%| O|  |TAMS 0x0000000609c00000, 0x0000000609800000| Untracked 
|  35|0x0000000609c00000, 0x000000060a000000, 0x000000060a000000|100%| O|  |TAMS 0x000000060a000000, 0x0000000609c00000| Untracked 
|  36|0x000000060a000000, 0x000000060a400000, 0x000000060a400000|100%| O|  |TAMS 0x000000060a400000, 0x000000060a000000| Untracked 
|  37|0x000000060a400000, 0x000000060a800000, 0x000000060a800000|100%| O|  |TAMS 0x000000060a800000, 0x000000060a400000| Untracked 
|  38|0x000000060a800000, 0x000000060ac00000, 0x000000060ac00000|100%|HS|  |TAMS 0x000000060ac00000, 0x000000060a800000| Complete 
|  39|0x000000060ac00000, 0x000000060b000000, 0x000000060b000000|100%|HC|  |TAMS 0x000000060b000000, 0x000000060ac00000| Complete 
|  40|0x000000060b000000, 0x000000060b400000, 0x000000060b400000|100%|HC|  |TAMS 0x000000060b400000, 0x000000060b000000| Complete 
|  41|0x000000060b400000, 0x000000060b800000, 0x000000060b800000|100%| O|  |TAMS 0x000000060b800000, 0x000000060b400000| Untracked 
|  42|0x000000060b800000, 0x000000060bc00000, 0x000000060bc00000|100%| O|  |TAMS 0x000000060bc00000, 0x000000060b800000| Untracked 
|  43|0x000000060bc00000, 0x000000060c000000, 0x000000060c000000|100%| O|  |TAMS 0x000000060c000000, 0x000000060bc00000| Untracked 
|  44|0x000000060c000000, 0x000000060c400000, 0x000000060c400000|100%| O|  |TAMS 0x000000060c400000, 0x000000060c000000| Untracked 
|  45|0x000000060c400000, 0x000000060c800000, 0x000000060c800000|100%| O|  |TAMS 0x000000060c800000, 0x000000060c400000| Untracked 
|  46|0x000000060c800000, 0x000000060cc00000, 0x000000060cc00000|100%| O|  |TAMS 0x000000060cc00000, 0x000000060c800000| Untracked 
|  47|0x000000060cc00000, 0x000000060d000000, 0x000000060d000000|100%| O|  |TAMS 0x000000060d000000, 0x000000060cc00000| Untracked 
|  48|0x000000060d000000, 0x000000060d400000, 0x000000060d400000|100%| O|  |TAMS 0x000000060d400000, 0x000000060d000000| Untracked 
|  49|0x000000060d400000, 0x000000060d800000, 0x000000060d800000|100%| O|  |TAMS 0x000000060d800000, 0x000000060d400000| Untracked 
|  50|0x000000060d800000, 0x000000060dc00000, 0x000000060dc00000|100%| O|  |TAMS 0x000000060dc00000, 0x000000060d800000| Untracked 
|  51|0x000000060dc00000, 0x000000060e000000, 0x000000060e000000|100%| O|  |TAMS 0x000000060e000000, 0x000000060dc00000| Untracked 
|  52|0x000000060e000000, 0x000000060e3a2a00, 0x000000060e400000| 90%| O|  |TAMS 0x000000060e3a2a00, 0x000000060e000000| Untracked 
|  53|0x000000060e400000, 0x000000060e800000, 0x000000060e800000|100%| O|  |TAMS 0x000000060e400000, 0x000000060e400000| Untracked 
|  54|0x000000060e800000, 0x000000060ec00000, 0x000000060ec00000|100%| O|  |TAMS 0x000000060e800000, 0x000000060e800000| Untracked 
|  55|0x000000060ec00000, 0x000000060f000000, 0x000000060f000000|100%| O|  |TAMS 0x000000060ec00000, 0x000000060ec00000| Untracked 
|  56|0x000000060f000000, 0x000000060f400000, 0x000000060f400000|100%| O|  |TAMS 0x000000060f000000, 0x000000060f000000| Untracked 
|  57|0x000000060f400000, 0x000000060f800000, 0x000000060f800000|100%| O|  |TAMS 0x000000060f400000, 0x000000060f400000| Untracked 
|  58|0x000000060f800000, 0x000000060fc00000, 0x000000060fc00000|100%| O|  |TAMS 0x000000060f800000, 0x000000060f800000| Untracked 
|  59|0x000000060fc00000, 0x0000000610000000, 0x0000000610000000|100%| O|  |TAMS 0x000000060fc00000, 0x000000060fc00000| Untracked 
|  60|0x0000000610000000, 0x0000000610400000, 0x0000000610400000|100%| O|  |TAMS 0x0000000610000000, 0x0000000610000000| Untracked 
|  61|0x0000000610400000, 0x0000000610800000, 0x0000000610800000|100%| O|  |TAMS 0x0000000610400000, 0x0000000610400000| Untracked 
|  62|0x0000000610800000, 0x0000000610c00000, 0x0000000610c00000|100%| O|  |TAMS 0x0000000610800000, 0x0000000610800000| Untracked 
|  63|0x0000000610c00000, 0x0000000611000000, 0x0000000611000000|100%| O|  |TAMS 0x0000000610c00000, 0x0000000610c00000| Untracked 
|  64|0x0000000611000000, 0x0000000611400000, 0x0000000611400000|100%| O|  |TAMS 0x0000000611000000, 0x0000000611000000| Untracked 
|  65|0x0000000611400000, 0x0000000611800000, 0x0000000611800000|100%| O|  |TAMS 0x0000000611400000, 0x0000000611400000| Untracked 
|  66|0x0000000611800000, 0x0000000611c00000, 0x0000000611c00000|100%| O|  |TAMS 0x0000000611800000, 0x0000000611800000| Untracked 
|  67|0x0000000611c00000, 0x0000000612000000, 0x0000000612000000|100%| O|  |TAMS 0x0000000611c00000, 0x0000000611c00000| Untracked 
|  68|0x0000000612000000, 0x0000000612400000, 0x0000000612400000|100%| O|  |TAMS 0x0000000612000000, 0x0000000612000000| Untracked 
|  69|0x0000000612400000, 0x0000000612800000, 0x0000000612800000|100%| O|  |TAMS 0x0000000612400000, 0x0000000612400000| Untracked 
|  70|0x0000000612800000, 0x0000000612c00000, 0x0000000612c00000|100%| O|  |TAMS 0x0000000612800000, 0x0000000612800000| Untracked 
|  71|0x0000000612c00000, 0x0000000613000000, 0x0000000613000000|100%| O|  |TAMS 0x0000000612c00000, 0x0000000612c00000| Untracked 
|  72|0x0000000613000000, 0x0000000613400000, 0x0000000613400000|100%| O|  |TAMS 0x0000000613000000, 0x0000000613000000| Untracked 
|  73|0x0000000613400000, 0x0000000613800000, 0x0000000613800000|100%| O|  |TAMS 0x0000000613400000, 0x0000000613400000| Untracked 
|  74|0x0000000613800000, 0x0000000613c00000, 0x0000000613c00000|100%| O|  |TAMS 0x0000000613800000, 0x0000000613800000| Untracked 
|  75|0x0000000613c00000, 0x0000000614000000, 0x0000000614000000|100%| O|  |TAMS 0x0000000613c00000, 0x0000000613c00000| Untracked 
|  76|0x0000000614000000, 0x0000000614400000, 0x0000000614400000|100%| O|  |TAMS 0x0000000614000000, 0x0000000614000000| Untracked 
|  77|0x0000000614400000, 0x0000000614800000, 0x0000000614800000|100%| O|  |TAMS 0x0000000614400000, 0x0000000614400000| Untracked 
|  78|0x0000000614800000, 0x0000000614c00000, 0x0000000614c00000|100%| O|  |TAMS 0x0000000614800000, 0x0000000614800000| Untracked 
|  79|0x0000000614c00000, 0x0000000615000000, 0x0000000615000000|100%| O|  |TAMS 0x0000000614c00000, 0x0000000614c00000| Untracked 
|  80|0x0000000615000000, 0x0000000615400000, 0x0000000615400000|100%| O|  |TAMS 0x0000000615000000, 0x0000000615000000| Untracked 
|  81|0x0000000615400000, 0x0000000615800000, 0x0000000615800000|100%| O|  |TAMS 0x0000000615400000, 0x0000000615400000| Untracked 
|  82|0x0000000615800000, 0x0000000615c00000, 0x0000000615c00000|100%| O|  |TAMS 0x0000000615800000, 0x0000000615800000| Untracked 
|  83|0x0000000615c00000, 0x0000000616000000, 0x0000000616000000|100%| O|  |TAMS 0x0000000615c00000, 0x0000000615c00000| Untracked 
|  84|0x0000000616000000, 0x0000000616400000, 0x0000000616400000|100%| O|  |TAMS 0x0000000616000000, 0x0000000616000000| Untracked 
|  85|0x0000000616400000, 0x0000000616800000, 0x0000000616800000|100%| O|  |TAMS 0x0000000616400000, 0x0000000616400000| Untracked 
|  86|0x0000000616800000, 0x0000000616a8ea00, 0x0000000616c00000| 63%| O|  |TAMS 0x0000000616800000, 0x0000000616800000| Untracked 
|  87|0x0000000616c00000, 0x0000000616c00000, 0x0000000617000000|  0%| F|  |TAMS 0x0000000616c00000, 0x0000000616c00000| Untracked 
|  88|0x0000000617000000, 0x0000000617000000, 0x0000000617400000|  0%| F|  |TAMS 0x0000000617000000, 0x0000000617000000| Untracked 
|  89|0x0000000617400000, 0x0000000617400000, 0x0000000617800000|  0%| F|  |TAMS 0x0000000617400000, 0x0000000617400000| Untracked 
|  90|0x0000000617800000, 0x0000000617800000, 0x0000000617c00000|  0%| F|  |TAMS 0x0000000617800000, 0x0000000617800000| Untracked 
|  91|0x0000000617c00000, 0x0000000617c00000, 0x0000000618000000|  0%| F|  |TAMS 0x0000000617c00000, 0x0000000617c00000| Untracked 
|  92|0x0000000618000000, 0x0000000618000000, 0x0000000618400000|  0%| F|  |TAMS 0x0000000618000000, 0x0000000618000000| Untracked 
|  93|0x0000000618400000, 0x0000000618400000, 0x0000000618800000|  0%| F|  |TAMS 0x0000000618400000, 0x0000000618400000| Untracked 
|  94|0x0000000618800000, 0x0000000618800000, 0x0000000618c00000|  0%| F|  |TAMS 0x0000000618800000, 0x0000000618800000| Untracked 
|  95|0x0000000618c00000, 0x0000000618c00000, 0x0000000619000000|  0%| F|  |TAMS 0x0000000618c00000, 0x0000000618c00000| Untracked 
|  96|0x0000000619000000, 0x0000000619000000, 0x0000000619400000|  0%| F|  |TAMS 0x0000000619000000, 0x0000000619000000| Untracked 
|  97|0x0000000619400000, 0x0000000619400000, 0x0000000619800000|  0%| F|  |TAMS 0x0000000619400000, 0x0000000619400000| Untracked 
|  98|0x0000000619800000, 0x0000000619800000, 0x0000000619c00000|  0%| F|  |TAMS 0x0000000619800000, 0x0000000619800000| Untracked 
|  99|0x0000000619c00000, 0x0000000619c00000, 0x000000061a000000|  0%| F|  |TAMS 0x0000000619c00000, 0x0000000619c00000| Untracked 
| 100|0x000000061a000000, 0x000000061a000000, 0x000000061a400000|  0%| F|  |TAMS 0x000000061a000000, 0x000000061a000000| Untracked 
| 101|0x000000061a400000, 0x000000061a400000, 0x000000061a800000|  0%| F|  |TAMS 0x000000061a400000, 0x000000061a400000| Untracked 
| 102|0x000000061a800000, 0x000000061a800000, 0x000000061ac00000|  0%| F|  |TAMS 0x000000061a800000, 0x000000061a800000| Untracked 
| 103|0x000000061ac00000, 0x000000061ac00000, 0x000000061b000000|  0%| F|  |TAMS 0x000000061ac00000, 0x000000061ac00000| Untracked 
| 104|0x000000061b000000, 0x000000061b000000, 0x000000061b400000|  0%| F|  |TAMS 0x000000061b000000, 0x000000061b000000| Untracked 
| 105|0x000000061b400000, 0x000000061b400000, 0x000000061b800000|  0%| F|  |TAMS 0x000000061b400000, 0x000000061b400000| Untracked 
| 106|0x000000061b800000, 0x000000061b800000, 0x000000061bc00000|  0%| F|  |TAMS 0x000000061b800000, 0x000000061b800000| Untracked 
| 107|0x000000061bc00000, 0x000000061bc00000, 0x000000061c000000|  0%| F|  |TAMS 0x000000061bc00000, 0x000000061bc00000| Untracked 
| 108|0x000000061c000000, 0x000000061c000000, 0x000000061c400000|  0%| F|  |TAMS 0x000000061c000000, 0x000000061c000000| Untracked 
| 109|0x000000061c400000, 0x000000061c400000, 0x000000061c800000|  0%| F|  |TAMS 0x000000061c400000, 0x000000061c400000| Untracked 
| 110|0x000000061c800000, 0x000000061c800000, 0x000000061cc00000|  0%| F|  |TAMS 0x000000061c800000, 0x000000061c800000| Untracked 
| 111|0x000000061cc00000, 0x000000061cc00000, 0x000000061d000000|  0%| F|  |TAMS 0x000000061cc00000, 0x000000061cc00000| Untracked 
| 112|0x000000061d000000, 0x000000061d000000, 0x000000061d400000|  0%| F|  |TAMS 0x000000061d000000, 0x000000061d000000| Untracked 
| 113|0x000000061d400000, 0x000000061d400000, 0x000000061d800000|  0%| F|  |TAMS 0x000000061d400000, 0x000000061d400000| Untracked 
| 114|0x000000061d800000, 0x000000061d800000, 0x000000061dc00000|  0%| F|  |TAMS 0x000000061d800000, 0x000000061d800000| Untracked 
| 115|0x000000061dc00000, 0x000000061dc00000, 0x000000061e000000|  0%| F|  |TAMS 0x000000061dc00000, 0x000000061dc00000| Untracked 
| 116|0x000000061e000000, 0x000000061e000000, 0x000000061e400000|  0%| F|  |TAMS 0x000000061e000000, 0x000000061e000000| Untracked 
| 117|0x000000061e400000, 0x000000061e400000, 0x000000061e800000|  0%| F|  |TAMS 0x000000061e400000, 0x000000061e400000| Untracked 
| 118|0x000000061e800000, 0x000000061e800000, 0x000000061ec00000|  0%| F|  |TAMS 0x000000061e800000, 0x000000061e800000| Untracked 
| 119|0x000000061ec00000, 0x000000061ec00000, 0x000000061f000000|  0%| F|  |TAMS 0x000000061ec00000, 0x000000061ec00000| Untracked 
| 120|0x000000061f000000, 0x000000061f000000, 0x000000061f400000|  0%| F|  |TAMS 0x000000061f000000, 0x000000061f000000| Untracked 
| 121|0x000000061f400000, 0x000000061f400000, 0x000000061f800000|  0%| F|  |TAMS 0x000000061f400000, 0x000000061f400000| Untracked 
| 122|0x000000061f800000, 0x000000061f800000, 0x000000061fc00000|  0%| F|  |TAMS 0x000000061f800000, 0x000000061f800000| Untracked 
| 123|0x000000061fc00000, 0x000000061fc00000, 0x0000000620000000|  0%| F|  |TAMS 0x000000061fc00000, 0x000000061fc00000| Untracked 
| 124|0x0000000620000000, 0x0000000620000000, 0x0000000620400000|  0%| F|  |TAMS 0x0000000620000000, 0x0000000620000000| Untracked 
| 125|0x0000000620400000, 0x0000000620400000, 0x0000000620800000|  0%| F|  |TAMS 0x0000000620400000, 0x0000000620400000| Untracked 
| 126|0x0000000620800000, 0x0000000620800000, 0x0000000620c00000|  0%| F|  |TAMS 0x0000000620800000, 0x0000000620800000| Untracked 
| 127|0x0000000620c00000, 0x0000000620c00000, 0x0000000621000000|  0%| F|  |TAMS 0x0000000620c00000, 0x0000000620c00000| Untracked 
| 128|0x0000000621000000, 0x0000000621000000, 0x0000000621400000|  0%| F|  |TAMS 0x0000000621000000, 0x0000000621000000| Untracked 
| 129|0x0000000621400000, 0x0000000621400000, 0x0000000621800000|  0%| F|  |TAMS 0x0000000621400000, 0x0000000621400000| Untracked 
| 130|0x0000000621800000, 0x0000000621800000, 0x0000000621c00000|  0%| F|  |TAMS 0x0000000621800000, 0x0000000621800000| Untracked 
| 131|0x0000000621c00000, 0x0000000621c00000, 0x0000000622000000|  0%| F|  |TAMS 0x0000000621c00000, 0x0000000621c00000| Untracked 
| 132|0x0000000622000000, 0x0000000622000000, 0x0000000622400000|  0%| F|  |TAMS 0x0000000622000000, 0x0000000622000000| Untracked 
| 133|0x0000000622400000, 0x0000000622400000, 0x0000000622800000|  0%| F|  |TAMS 0x0000000622400000, 0x0000000622400000| Untracked 
| 134|0x0000000622800000, 0x0000000622800000, 0x0000000622c00000|  0%| F|  |TAMS 0x0000000622800000, 0x0000000622800000| Untracked 
| 135|0x0000000622c00000, 0x0000000622c00000, 0x0000000623000000|  0%| F|  |TAMS 0x0000000622c00000, 0x0000000622c00000| Untracked 
| 136|0x0000000623000000, 0x0000000623000000, 0x0000000623400000|  0%| F|  |TAMS 0x0000000623000000, 0x0000000623000000| Untracked 
| 137|0x0000000623400000, 0x0000000623400000, 0x0000000623800000|  0%| F|  |TAMS 0x0000000623400000, 0x0000000623400000| Untracked 
| 138|0x0000000623800000, 0x0000000623800000, 0x0000000623c00000|  0%| F|  |TAMS 0x0000000623800000, 0x0000000623800000| Untracked 
| 139|0x0000000623c00000, 0x0000000623c00000, 0x0000000624000000|  0%| F|  |TAMS 0x0000000623c00000, 0x0000000623c00000| Untracked 
| 140|0x0000000624000000, 0x000000062427ec28, 0x0000000624400000| 62%| S|CS|TAMS 0x0000000624000000, 0x0000000624000000| Complete 
| 141|0x0000000624400000, 0x0000000624800000, 0x0000000624800000|100%| S|CS|TAMS 0x0000000624400000, 0x0000000624400000| Complete 
| 142|0x0000000624800000, 0x0000000624800000, 0x0000000624c00000|  0%| F|  |TAMS 0x0000000624800000, 0x0000000624800000| Untracked 
| 143|0x0000000624c00000, 0x0000000624c00000, 0x0000000625000000|  0%| F|  |TAMS 0x0000000624c00000, 0x0000000624c00000| Untracked 
| 144|0x0000000625000000, 0x0000000625000000, 0x0000000625400000|  0%| F|  |TAMS 0x0000000625000000, 0x0000000625000000| Untracked 
| 145|0x0000000625400000, 0x0000000625400000, 0x0000000625800000|  0%| F|  |TAMS 0x0000000625400000, 0x0000000625400000| Untracked 
| 146|0x0000000625800000, 0x0000000625800000, 0x0000000625c00000|  0%| F|  |TAMS 0x0000000625800000, 0x0000000625800000| Untracked 
| 147|0x0000000625c00000, 0x0000000625c00000, 0x0000000626000000|  0%| F|  |TAMS 0x0000000625c00000, 0x0000000625c00000| Untracked 
| 148|0x0000000626000000, 0x0000000626000000, 0x0000000626400000|  0%| F|  |TAMS 0x0000000626000000, 0x0000000626000000| Untracked 
| 149|0x0000000626400000, 0x0000000626400000, 0x0000000626800000|  0%| F|  |TAMS 0x0000000626400000, 0x0000000626400000| Untracked 
| 150|0x0000000626800000, 0x0000000626800000, 0x0000000626c00000|  0%| F|  |TAMS 0x0000000626800000, 0x0000000626800000| Untracked 
| 151|0x0000000626c00000, 0x0000000626c00000, 0x0000000627000000|  0%| F|  |TAMS 0x0000000626c00000, 0x0000000626c00000| Untracked 
| 152|0x0000000627000000, 0x0000000627000000, 0x0000000627400000|  0%| F|  |TAMS 0x0000000627000000, 0x0000000627000000| Untracked 
| 153|0x0000000627400000, 0x0000000627400000, 0x0000000627800000|  0%| F|  |TAMS 0x0000000627400000, 0x0000000627400000| Untracked 
| 154|0x0000000627800000, 0x0000000627800000, 0x0000000627c00000|  0%| F|  |TAMS 0x0000000627800000, 0x0000000627800000| Untracked 
| 155|0x0000000627c00000, 0x0000000627c00000, 0x0000000628000000|  0%| F|  |TAMS 0x0000000627c00000, 0x0000000627c00000| Untracked 
| 156|0x0000000628000000, 0x0000000628000000, 0x0000000628400000|  0%| F|  |TAMS 0x0000000628000000, 0x0000000628000000| Untracked 
| 157|0x0000000628400000, 0x0000000628400000, 0x0000000628800000|  0%| F|  |TAMS 0x0000000628400000, 0x0000000628400000| Untracked 
| 158|0x0000000628800000, 0x0000000628800000, 0x0000000628c00000|  0%| F|  |TAMS 0x0000000628800000, 0x0000000628800000| Untracked 
| 159|0x0000000628c00000, 0x0000000628c00000, 0x0000000629000000|  0%| F|  |TAMS 0x0000000628c00000, 0x0000000628c00000| Untracked 
| 160|0x0000000629000000, 0x0000000629000000, 0x0000000629400000|  0%| F|  |TAMS 0x0000000629000000, 0x0000000629000000| Untracked 
| 161|0x0000000629400000, 0x0000000629400000, 0x0000000629800000|  0%| F|  |TAMS 0x0000000629400000, 0x0000000629400000| Untracked 
| 162|0x0000000629800000, 0x0000000629800000, 0x0000000629c00000|  0%| F|  |TAMS 0x0000000629800000, 0x0000000629800000| Untracked 
| 163|0x0000000629c00000, 0x0000000629c00000, 0x000000062a000000|  0%| F|  |TAMS 0x0000000629c00000, 0x0000000629c00000| Untracked 
| 164|0x000000062a000000, 0x000000062a000000, 0x000000062a400000|  0%| F|  |TAMS 0x000000062a000000, 0x000000062a000000| Untracked 
| 165|0x000000062a400000, 0x000000062a400000, 0x000000062a800000|  0%| F|  |TAMS 0x000000062a400000, 0x000000062a400000| Untracked 
| 166|0x000000062a800000, 0x000000062a800000, 0x000000062ac00000|  0%| F|  |TAMS 0x000000062a800000, 0x000000062a800000| Untracked 
| 167|0x000000062ac00000, 0x000000062ac00000, 0x000000062b000000|  0%| F|  |TAMS 0x000000062ac00000, 0x000000062ac00000| Untracked 
| 168|0x000000062b000000, 0x000000062b000000, 0x000000062b400000|  0%| F|  |TAMS 0x000000062b000000, 0x000000062b000000| Untracked 
| 169|0x000000062b400000, 0x000000062b400000, 0x000000062b800000|  0%| F|  |TAMS 0x000000062b400000, 0x000000062b400000| Untracked 
| 170|0x000000062b800000, 0x000000062b800000, 0x000000062bc00000|  0%| F|  |TAMS 0x000000062b800000, 0x000000062b800000| Untracked 
| 171|0x000000062bc00000, 0x000000062bc00000, 0x000000062c000000|  0%| F|  |TAMS 0x000000062bc00000, 0x000000062bc00000| Untracked 
| 172|0x000000062c000000, 0x000000062c000000, 0x000000062c400000|  0%| F|  |TAMS 0x000000062c000000, 0x000000062c000000| Untracked 
| 173|0x000000062c400000, 0x000000062c400000, 0x000000062c800000|  0%| F|  |TAMS 0x000000062c400000, 0x000000062c400000| Untracked 
| 174|0x000000062c800000, 0x000000062c800000, 0x000000062cc00000|  0%| F|  |TAMS 0x000000062c800000, 0x000000062c800000| Untracked 
| 175|0x000000062cc00000, 0x000000062cc00000, 0x000000062d000000|  0%| F|  |TAMS 0x000000062cc00000, 0x000000062cc00000| Untracked 
| 176|0x000000062d000000, 0x000000062d000000, 0x000000062d400000|  0%| F|  |TAMS 0x000000062d000000, 0x000000062d000000| Untracked 
| 177|0x000000062d400000, 0x000000062d400000, 0x000000062d800000|  0%| F|  |TAMS 0x000000062d400000, 0x000000062d400000| Untracked 
| 178|0x000000062d800000, 0x000000062d800000, 0x000000062dc00000|  0%| F|  |TAMS 0x000000062d800000, 0x000000062d800000| Untracked 
| 179|0x000000062dc00000, 0x000000062dc00000, 0x000000062e000000|  0%| F|  |TAMS 0x000000062dc00000, 0x000000062dc00000| Untracked 
| 180|0x000000062e000000, 0x000000062e000000, 0x000000062e400000|  0%| F|  |TAMS 0x000000062e000000, 0x000000062e000000| Untracked 
| 181|0x000000062e400000, 0x000000062e400000, 0x000000062e800000|  0%| F|  |TAMS 0x000000062e400000, 0x000000062e400000| Untracked 
| 182|0x000000062e800000, 0x000000062e800000, 0x000000062ec00000|  0%| F|  |TAMS 0x000000062e800000, 0x000000062e800000| Untracked 
| 183|0x000000062ec00000, 0x000000062ec00000, 0x000000062f000000|  0%| F|  |TAMS 0x000000062ec00000, 0x000000062ec00000| Untracked 
| 184|0x000000062f000000, 0x000000062f000000, 0x000000062f400000|  0%| F|  |TAMS 0x000000062f000000, 0x000000062f000000| Untracked 
| 185|0x000000062f400000, 0x000000062f400000, 0x000000062f800000|  0%| F|  |TAMS 0x000000062f400000, 0x000000062f400000| Untracked 
| 186|0x000000062f800000, 0x000000062f800000, 0x000000062fc00000|  0%| F|  |TAMS 0x000000062f800000, 0x000000062f800000| Untracked 
| 187|0x000000062fc00000, 0x000000062fc00000, 0x0000000630000000|  0%| F|  |TAMS 0x000000062fc00000, 0x000000062fc00000| Untracked 
| 188|0x0000000630000000, 0x0000000630000000, 0x0000000630400000|  0%| F|  |TAMS 0x0000000630000000, 0x0000000630000000| Untracked 
| 189|0x0000000630400000, 0x0000000630400000, 0x0000000630800000|  0%| F|  |TAMS 0x0000000630400000, 0x0000000630400000| Untracked 
| 190|0x0000000630800000, 0x0000000630800000, 0x0000000630c00000|  0%| F|  |TAMS 0x0000000630800000, 0x0000000630800000| Untracked 
| 191|0x0000000630c00000, 0x0000000630c00000, 0x0000000631000000|  0%| F|  |TAMS 0x0000000630c00000, 0x0000000630c00000| Untracked 
| 192|0x0000000631000000, 0x0000000631000000, 0x0000000631400000|  0%| F|  |TAMS 0x0000000631000000, 0x0000000631000000| Untracked 
| 193|0x0000000631400000, 0x0000000631400000, 0x0000000631800000|  0%| F|  |TAMS 0x0000000631400000, 0x0000000631400000| Untracked 
| 194|0x0000000631800000, 0x0000000631800000, 0x0000000631c00000|  0%| F|  |TAMS 0x0000000631800000, 0x0000000631800000| Untracked 
| 195|0x0000000631c00000, 0x0000000631c00000, 0x0000000632000000|  0%| F|  |TAMS 0x0000000631c00000, 0x0000000631c00000| Untracked 
| 196|0x0000000632000000, 0x0000000632000000, 0x0000000632400000|  0%| F|  |TAMS 0x0000000632000000, 0x0000000632000000| Untracked 
| 197|0x0000000632400000, 0x0000000632400000, 0x0000000632800000|  0%| F|  |TAMS 0x0000000632400000, 0x0000000632400000| Untracked 
| 198|0x0000000632800000, 0x0000000632800000, 0x0000000632c00000|  0%| F|  |TAMS 0x0000000632800000, 0x0000000632800000| Untracked 
| 199|0x0000000632c00000, 0x0000000632c00000, 0x0000000633000000|  0%| F|  |TAMS 0x0000000632c00000, 0x0000000632c00000| Untracked 
| 200|0x0000000633000000, 0x0000000633000000, 0x0000000633400000|  0%| F|  |TAMS 0x0000000633000000, 0x0000000633000000| Untracked 
| 201|0x0000000633400000, 0x0000000633400000, 0x0000000633800000|  0%| F|  |TAMS 0x0000000633400000, 0x0000000633400000| Untracked 
| 202|0x0000000633800000, 0x0000000633800000, 0x0000000633c00000|  0%| F|  |TAMS 0x0000000633800000, 0x0000000633800000| Untracked 
| 203|0x0000000633c00000, 0x0000000633c00000, 0x0000000634000000|  0%| F|  |TAMS 0x0000000633c00000, 0x0000000633c00000| Untracked 
| 204|0x0000000634000000, 0x0000000634000000, 0x0000000634400000|  0%| F|  |TAMS 0x0000000634000000, 0x0000000634000000| Untracked 
| 205|0x0000000634400000, 0x0000000634400000, 0x0000000634800000|  0%| F|  |TAMS 0x0000000634400000, 0x0000000634400000| Untracked 
| 206|0x0000000634800000, 0x0000000634800000, 0x0000000634c00000|  0%| F|  |TAMS 0x0000000634800000, 0x0000000634800000| Untracked 
| 207|0x0000000634c00000, 0x0000000634c00000, 0x0000000635000000|  0%| F|  |TAMS 0x0000000634c00000, 0x0000000634c00000| Untracked 
| 208|0x0000000635000000, 0x0000000635000000, 0x0000000635400000|  0%| F|  |TAMS 0x0000000635000000, 0x0000000635000000| Untracked 
| 209|0x0000000635400000, 0x0000000635400000, 0x0000000635800000|  0%| F|  |TAMS 0x0000000635400000, 0x0000000635400000| Untracked 
| 210|0x0000000635800000, 0x0000000635800000, 0x0000000635c00000|  0%| F|  |TAMS 0x0000000635800000, 0x0000000635800000| Untracked 
| 211|0x0000000635c00000, 0x0000000635c00000, 0x0000000636000000|  0%| F|  |TAMS 0x0000000635c00000, 0x0000000635c00000| Untracked 
| 212|0x0000000636000000, 0x0000000636000000, 0x0000000636400000|  0%| F|  |TAMS 0x0000000636000000, 0x0000000636000000| Untracked 
| 213|0x0000000636400000, 0x0000000636400000, 0x0000000636800000|  0%| F|  |TAMS 0x0000000636400000, 0x0000000636400000| Untracked 
| 214|0x0000000636800000, 0x0000000636800000, 0x0000000636c00000|  0%| F|  |TAMS 0x0000000636800000, 0x0000000636800000| Untracked 
| 215|0x0000000636c00000, 0x0000000636c00000, 0x0000000637000000|  0%| F|  |TAMS 0x0000000636c00000, 0x0000000636c00000| Untracked 
| 216|0x0000000637000000, 0x0000000637000000, 0x0000000637400000|  0%| F|  |TAMS 0x0000000637000000, 0x0000000637000000| Untracked 
| 217|0x0000000637400000, 0x0000000637400000, 0x0000000637800000|  0%| F|  |TAMS 0x0000000637400000, 0x0000000637400000| Untracked 
| 218|0x0000000637800000, 0x0000000637800000, 0x0000000637c00000|  0%| F|  |TAMS 0x0000000637800000, 0x0000000637800000| Untracked 
| 219|0x0000000637c00000, 0x0000000637c00000, 0x0000000638000000|  0%| F|  |TAMS 0x0000000637c00000, 0x0000000637c00000| Untracked 
| 220|0x0000000638000000, 0x0000000638000000, 0x0000000638400000|  0%| F|  |TAMS 0x0000000638000000, 0x0000000638000000| Untracked 
| 221|0x0000000638400000, 0x0000000638400000, 0x0000000638800000|  0%| F|  |TAMS 0x0000000638400000, 0x0000000638400000| Untracked 
| 222|0x0000000638800000, 0x0000000638800000, 0x0000000638c00000|  0%| F|  |TAMS 0x0000000638800000, 0x0000000638800000| Untracked 
| 223|0x0000000638c00000, 0x0000000638c00000, 0x0000000639000000|  0%| F|  |TAMS 0x0000000638c00000, 0x0000000638c00000| Untracked 
| 224|0x0000000639000000, 0x0000000639000000, 0x0000000639400000|  0%| F|  |TAMS 0x0000000639000000, 0x0000000639000000| Untracked 
| 225|0x0000000639400000, 0x0000000639400000, 0x0000000639800000|  0%| F|  |TAMS 0x0000000639400000, 0x0000000639400000| Untracked 
| 226|0x0000000639800000, 0x0000000639800000, 0x0000000639c00000|  0%| F|  |TAMS 0x0000000639800000, 0x0000000639800000| Untracked 
| 227|0x0000000639c00000, 0x0000000639c00000, 0x000000063a000000|  0%| F|  |TAMS 0x0000000639c00000, 0x0000000639c00000| Untracked 
| 228|0x000000063a000000, 0x000000063a000000, 0x000000063a400000|  0%| F|  |TAMS 0x000000063a000000, 0x000000063a000000| Untracked 
| 229|0x000000063a400000, 0x000000063a400000, 0x000000063a800000|  0%| F|  |TAMS 0x000000063a400000, 0x000000063a400000| Untracked 
| 230|0x000000063a800000, 0x000000063a800000, 0x000000063ac00000|  0%| F|  |TAMS 0x000000063a800000, 0x000000063a800000| Untracked 
| 231|0x000000063ac00000, 0x000000063ac00000, 0x000000063b000000|  0%| F|  |TAMS 0x000000063ac00000, 0x000000063ac00000| Untracked 
| 232|0x000000063b000000, 0x000000063b000000, 0x000000063b400000|  0%| F|  |TAMS 0x000000063b000000, 0x000000063b000000| Untracked 
| 233|0x000000063b400000, 0x000000063b400000, 0x000000063b800000|  0%| F|  |TAMS 0x000000063b400000, 0x000000063b400000| Untracked 
| 234|0x000000063b800000, 0x000000063b90abe8, 0x000000063bc00000| 26%| E|  |TAMS 0x000000063b800000, 0x000000063b800000| Complete 
| 235|0x000000063bc00000, 0x000000063c000000, 0x000000063c000000|100%| E|CS|TAMS 0x000000063bc00000, 0x000000063bc00000| Complete 
| 236|0x000000063c000000, 0x000000063c400000, 0x000000063c400000|100%| E|CS|TAMS 0x000000063c000000, 0x000000063c000000| Complete 
| 237|0x000000063c400000, 0x000000063c800000, 0x000000063c800000|100%| E|CS|TAMS 0x000000063c400000, 0x000000063c400000| Complete 
| 238|0x000000063c800000, 0x000000063cc00000, 0x000000063cc00000|100%| E|CS|TAMS 0x000000063c800000, 0x000000063c800000| Complete 
| 239|0x000000063cc00000, 0x000000063d000000, 0x000000063d000000|100%| E|CS|TAMS 0x000000063cc00000, 0x000000063cc00000| Complete 
| 240|0x000000063d000000, 0x000000063d400000, 0x000000063d400000|100%| E|CS|TAMS 0x000000063d000000, 0x000000063d000000| Complete 
| 241|0x000000063d400000, 0x000000063d800000, 0x000000063d800000|100%| E|CS|TAMS 0x000000063d400000, 0x000000063d400000| Complete 
| 242|0x000000063d800000, 0x000000063dc00000, 0x000000063dc00000|100%| E|CS|TAMS 0x000000063d800000, 0x000000063d800000| Complete 
| 243|0x000000063dc00000, 0x000000063e000000, 0x000000063e000000|100%| E|CS|TAMS 0x000000063dc00000, 0x000000063dc00000| Complete 
| 244|0x000000063e000000, 0x000000063e400000, 0x000000063e400000|100%| E|CS|TAMS 0x000000063e000000, 0x000000063e000000| Complete 
| 245|0x000000063e400000, 0x000000063e800000, 0x000000063e800000|100%| E|CS|TAMS 0x000000063e400000, 0x000000063e400000| Complete 
| 246|0x000000063e800000, 0x000000063ec00000, 0x000000063ec00000|100%| E|CS|TAMS 0x000000063e800000, 0x000000063e800000| Complete 
| 247|0x000000063ec00000, 0x000000063f000000, 0x000000063f000000|100%| E|CS|TAMS 0x000000063ec00000, 0x000000063ec00000| Complete 
| 248|0x000000063f000000, 0x000000063f400000, 0x000000063f400000|100%| E|CS|TAMS 0x000000063f000000, 0x000000063f000000| Complete 
| 249|0x000000063f400000, 0x000000063f800000, 0x000000063f800000|100%| E|CS|TAMS 0x000000063f400000, 0x000000063f400000| Complete 
| 250|0x000000063f800000, 0x000000063fc00000, 0x000000063fc00000|100%| E|CS|TAMS 0x000000063f800000, 0x000000063f800000| Complete 
| 251|0x000000063fc00000, 0x0000000640000000, 0x0000000640000000|100%| E|CS|TAMS 0x000000063fc00000, 0x000000063fc00000| Complete 
| 252|0x0000000640000000, 0x0000000640400000, 0x0000000640400000|100%| E|CS|TAMS 0x0000000640000000, 0x0000000640000000| Complete 
| 253|0x0000000640400000, 0x0000000640800000, 0x0000000640800000|100%| E|CS|TAMS 0x0000000640400000, 0x0000000640400000| Complete 
| 254|0x0000000640800000, 0x0000000640c00000, 0x0000000640c00000|100%| E|CS|TAMS 0x0000000640800000, 0x0000000640800000| Complete 
| 255|0x0000000640c00000, 0x0000000641000000, 0x0000000641000000|100%| E|CS|TAMS 0x0000000640c00000, 0x0000000640c00000| Complete 
| 256|0x0000000641000000, 0x0000000641400000, 0x0000000641400000|100%| E|CS|TAMS 0x0000000641000000, 0x0000000641000000| Complete 
| 257|0x0000000641400000, 0x0000000641800000, 0x0000000641800000|100%| E|CS|TAMS 0x0000000641400000, 0x0000000641400000| Complete 
| 258|0x0000000641800000, 0x0000000641c00000, 0x0000000641c00000|100%| E|CS|TAMS 0x0000000641800000, 0x0000000641800000| Complete 
| 259|0x0000000641c00000, 0x0000000642000000, 0x0000000642000000|100%| E|CS|TAMS 0x0000000641c00000, 0x0000000641c00000| Complete 
| 260|0x0000000642000000, 0x0000000642400000, 0x0000000642400000|100%| E|CS|TAMS 0x0000000642000000, 0x0000000642000000| Complete 
| 261|0x0000000642400000, 0x0000000642800000, 0x0000000642800000|100%| E|CS|TAMS 0x0000000642400000, 0x0000000642400000| Complete 
| 262|0x0000000642800000, 0x0000000642c00000, 0x0000000642c00000|100%| E|CS|TAMS 0x0000000642800000, 0x0000000642800000| Complete 
| 263|0x0000000642c00000, 0x0000000643000000, 0x0000000643000000|100%| E|CS|TAMS 0x0000000642c00000, 0x0000000642c00000| Complete 
| 264|0x0000000643000000, 0x0000000643400000, 0x0000000643400000|100%| E|CS|TAMS 0x0000000643000000, 0x0000000643000000| Complete 
| 265|0x0000000643400000, 0x0000000643800000, 0x0000000643800000|100%| E|CS|TAMS 0x0000000643400000, 0x0000000643400000| Complete 
| 266|0x0000000643800000, 0x0000000643c00000, 0x0000000643c00000|100%| E|CS|TAMS 0x0000000643800000, 0x0000000643800000| Complete 
| 267|0x0000000643c00000, 0x0000000644000000, 0x0000000644000000|100%| E|CS|TAMS 0x0000000643c00000, 0x0000000643c00000| Complete 
| 268|0x0000000644000000, 0x0000000644400000, 0x0000000644400000|100%| E|CS|TAMS 0x0000000644000000, 0x0000000644000000| Complete 
| 269|0x0000000644400000, 0x0000000644800000, 0x0000000644800000|100%| E|CS|TAMS 0x0000000644400000, 0x0000000644400000| Complete 
| 270|0x0000000644800000, 0x0000000644c00000, 0x0000000644c00000|100%| E|CS|TAMS 0x0000000644800000, 0x0000000644800000| Complete 
| 271|0x0000000644c00000, 0x0000000645000000, 0x0000000645000000|100%| E|CS|TAMS 0x0000000644c00000, 0x0000000644c00000| Complete 
| 272|0x0000000645000000, 0x0000000645400000, 0x0000000645400000|100%| E|CS|TAMS 0x0000000645000000, 0x0000000645000000| Complete 
| 273|0x0000000645400000, 0x0000000645800000, 0x0000000645800000|100%| E|CS|TAMS 0x0000000645400000, 0x0000000645400000| Complete 
| 274|0x0000000645800000, 0x0000000645c00000, 0x0000000645c00000|100%| E|CS|TAMS 0x0000000645800000, 0x0000000645800000| Complete 
| 275|0x0000000645c00000, 0x0000000646000000, 0x0000000646000000|100%| E|CS|TAMS 0x0000000645c00000, 0x0000000645c00000| Complete 
| 276|0x0000000646000000, 0x0000000646400000, 0x0000000646400000|100%| E|CS|TAMS 0x0000000646000000, 0x0000000646000000| Complete 
| 388|0x0000000662000000, 0x0000000662400000, 0x0000000662400000|100%| E|CS|TAMS 0x0000000662000000, 0x0000000662000000| Complete 
| 389|0x0000000662400000, 0x0000000662800000, 0x0000000662800000|100%| E|CS|TAMS 0x0000000662400000, 0x0000000662400000| Complete 
| 390|0x0000000662800000, 0x0000000662c00000, 0x0000000662c00000|100%| E|CS|TAMS 0x0000000662800000, 0x0000000662800000| Complete 
| 391|0x0000000662c00000, 0x0000000663000000, 0x0000000663000000|100%| E|CS|TAMS 0x0000000662c00000, 0x0000000662c00000| Complete 
| 392|0x0000000663000000, 0x0000000663400000, 0x0000000663400000|100%| E|CS|TAMS 0x0000000663000000, 0x0000000663000000| Complete 
| 393|0x0000000663400000, 0x0000000663800000, 0x0000000663800000|100%| E|CS|TAMS 0x0000000663400000, 0x0000000663400000| Complete 
| 394|0x0000000663800000, 0x0000000663c00000, 0x0000000663c00000|100%| E|CS|TAMS 0x0000000663800000, 0x0000000663800000| Complete 
| 395|0x0000000663c00000, 0x0000000664000000, 0x0000000664000000|100%| E|CS|TAMS 0x0000000663c00000, 0x0000000663c00000| Complete 
| 396|0x0000000664000000, 0x0000000664400000, 0x0000000664400000|100%| E|CS|TAMS 0x0000000664000000, 0x0000000664000000| Complete 
| 397|0x0000000664400000, 0x0000000664800000, 0x0000000664800000|100%| E|CS|TAMS 0x0000000664400000, 0x0000000664400000| Complete 
| 398|0x0000000664800000, 0x0000000664c00000, 0x0000000664c00000|100%| E|CS|TAMS 0x0000000664800000, 0x0000000664800000| Complete 
| 399|0x0000000664c00000, 0x0000000665000000, 0x0000000665000000|100%| E|CS|TAMS 0x0000000664c00000, 0x0000000664c00000| Complete 
| 400|0x0000000665000000, 0x0000000665400000, 0x0000000665400000|100%| E|CS|TAMS 0x0000000665000000, 0x0000000665000000| Complete 
| 401|0x0000000665400000, 0x0000000665800000, 0x0000000665800000|100%| E|CS|TAMS 0x0000000665400000, 0x0000000665400000| Complete 
| 402|0x0000000665800000, 0x0000000665c00000, 0x0000000665c00000|100%| E|CS|TAMS 0x0000000665800000, 0x0000000665800000| Complete 
| 403|0x0000000665c00000, 0x0000000666000000, 0x0000000666000000|100%| E|CS|TAMS 0x0000000665c00000, 0x0000000665c00000| Complete 
| 404|0x0000000666000000, 0x0000000666400000, 0x0000000666400000|100%| E|CS|TAMS 0x0000000666000000, 0x0000000666000000| Complete 
| 405|0x0000000666400000, 0x0000000666800000, 0x0000000666800000|100%| E|CS|TAMS 0x0000000666400000, 0x0000000666400000| Complete 
| 406|0x0000000666800000, 0x0000000666c00000, 0x0000000666c00000|100%| E|CS|TAMS 0x0000000666800000, 0x0000000666800000| Complete 
| 407|0x0000000666c00000, 0x0000000667000000, 0x0000000667000000|100%| E|CS|TAMS 0x0000000666c00000, 0x0000000666c00000| Complete 
| 408|0x0000000667000000, 0x0000000667400000, 0x0000000667400000|100%| E|CS|TAMS 0x0000000667000000, 0x0000000667000000| Complete 
| 409|0x0000000667400000, 0x0000000667800000, 0x0000000667800000|100%| E|CS|TAMS 0x0000000667400000, 0x0000000667400000| Complete 
| 410|0x0000000667800000, 0x0000000667c00000, 0x0000000667c00000|100%| E|CS|TAMS 0x0000000667800000, 0x0000000667800000| Complete 
| 411|0x0000000667c00000, 0x0000000668000000, 0x0000000668000000|100%| E|CS|TAMS 0x0000000667c00000, 0x0000000667c00000| Complete 
| 412|0x0000000668000000, 0x0000000668400000, 0x0000000668400000|100%| E|CS|TAMS 0x0000000668000000, 0x0000000668000000| Complete 
| 413|0x0000000668400000, 0x0000000668800000, 0x0000000668800000|100%| E|CS|TAMS 0x0000000668400000, 0x0000000668400000| Complete 
| 414|0x0000000668800000, 0x0000000668c00000, 0x0000000668c00000|100%| E|CS|TAMS 0x0000000668800000, 0x0000000668800000| Complete 
| 415|0x0000000668c00000, 0x0000000669000000, 0x0000000669000000|100%| E|CS|TAMS 0x0000000668c00000, 0x0000000668c00000| Complete 
| 416|0x0000000669000000, 0x0000000669400000, 0x0000000669400000|100%| E|CS|TAMS 0x0000000669000000, 0x0000000669000000| Complete 
| 417|0x0000000669400000, 0x0000000669800000, 0x0000000669800000|100%| E|CS|TAMS 0x0000000669400000, 0x0000000669400000| Complete 
| 418|0x0000000669800000, 0x0000000669c00000, 0x0000000669c00000|100%| E|CS|TAMS 0x0000000669800000, 0x0000000669800000| Complete 
| 419|0x0000000669c00000, 0x000000066a000000, 0x000000066a000000|100%| E|CS|TAMS 0x0000000669c00000, 0x0000000669c00000| Complete 
| 420|0x000000066a000000, 0x000000066a400000, 0x000000066a400000|100%| E|CS|TAMS 0x000000066a000000, 0x000000066a000000| Complete 
| 421|0x000000066a400000, 0x000000066a800000, 0x000000066a800000|100%| E|CS|TAMS 0x000000066a400000, 0x000000066a400000| Complete 
| 422|0x000000066a800000, 0x000000066ac00000, 0x000000066ac00000|100%| E|CS|TAMS 0x000000066a800000, 0x000000066a800000| Complete 
| 423|0x000000066ac00000, 0x000000066b000000, 0x000000066b000000|100%| E|CS|TAMS 0x000000066ac00000, 0x000000066ac00000| Complete 
| 616|0x000000069b000000, 0x000000069b400000, 0x000000069b400000|100%| E|CS|TAMS 0x000000069b000000, 0x000000069b000000| Complete 
| 617|0x000000069b400000, 0x000000069b800000, 0x000000069b800000|100%| E|CS|TAMS 0x000000069b400000, 0x000000069b400000| Complete 
| 618|0x000000069b800000, 0x000000069bc00000, 0x000000069bc00000|100%| E|CS|TAMS 0x000000069b800000, 0x000000069b800000| Complete 
| 619|0x000000069bc00000, 0x000000069c000000, 0x000000069c000000|100%| E|CS|TAMS 0x000000069bc00000, 0x000000069bc00000| Complete 
| 620|0x000000069c000000, 0x000000069c400000, 0x000000069c400000|100%| E|CS|TAMS 0x000000069c000000, 0x000000069c000000| Complete 
|2042|0x00000007ff800000, 0x00000007ffc00000, 0x00000007ffc00000|100%| O|  |TAMS 0x00000007ffc00000, 0x00000007ff800000| Untracked 
|2043|0x00000007ffc00000, 0x0000000800000000, 0x0000000800000000|100%| O|  |TAMS 0x0000000800000000, 0x00000007ffc00000| Untracked 

Card table byte_map: [0x0000021620160000,0x0000021621160000] _byte_map_base: 0x000002161d158000

Marking Bits (Prev, Next): (CMBitMap*) 0x00000216081efd00, (CMBitMap*) 0x00000216081efcc0
 Prev Bits: [0x000002162a120000, 0x00000216320e0000)
 Next Bits: [0x0000021622160000, 0x000002162a120000)

Polling page: 0x0000021606140000

Metaspace:

Usage:
  Non-class:     79.86 MB used.
      Class:     12.52 MB used.
       Both:     92.38 MB used.

Virtual space:
  Non-class space:       88.00 MB reserved,      80.63 MB ( 92%) committed,  11 nodes.
      Class space:        1.00 GB reserved,      13.13 MB (  1%) committed,  1 nodes.
              Both:        1.09 GB reserved,      93.75 MB (  8%) committed. 

Chunk freelists:
   Non-Class:  3.41 MB
       Class:  2.81 MB
        Both:  6.21 MB

MaxMetaspaceSize: 17179869184.00 GB
CompressedClassSpaceSize: 1.00 GB
 - commit_granule_bytes: 65536.
 - commit_granule_words: 8192.
 - virtual_space_node_default_size: 1048576.
 - enlarge_chunks_in_place: 1.
 - new_chunks_are_fully_committed: 0.
 - uncommit_free_chunks: 1.
 - use_allocation_guard: 0.
 - handle_deallocations: 1.


Internal statistics:

num_allocs_failed_limit: 21.
num_arena_births: 2028.
num_arena_deaths: 18.
num_vsnodes_births: 12.
num_vsnodes_deaths: 0.
num_space_committed: 1497.
num_space_uncommitted: 0.
num_chunks_returned_to_freelist: 46.
num_chunks_taken_from_freelist: 5801.
num_chunk_merges: 27.
num_chunk_splits: 3860.
num_chunks_enlarged: 2628.
num_purges: 2.

CodeHeap 'non-profiled nmethods': size=119168Kb used=18202Kb max_used=18566Kb free=100965Kb
 bounds [0x0000021617480000, 0x00000216186b0000, 0x000002161e8e0000]
CodeHeap 'profiled nmethods': size=119104Kb used=25480Kb max_used=27177Kb free=93623Kb
 bounds [0x0000021610030000, 0x0000021611ad0000, 0x0000021617480000]
CodeHeap 'non-nmethods': size=7488Kb used=2231Kb max_used=4028Kb free=5256Kb
 bounds [0x000002160f8e0000, 0x000002160fd20000, 0x0000021610030000]
 total_blobs=17669 nmethods=15852 adapters=1728
 compilation: enabled
              stopped_count=0, restarted_count=0
 full_count=0

Compilation events (20 events):
Event: 161.205 Thread 0x00000216345c2270 21770       4       net.minecraftforge.fml.hooks.BasicEventHooks::onPostWorldTick (24 bytes)
Event: 161.208 Thread 0x00000216345c2270 nmethod 21770 0x0000021617805510 code [0x00000216178056e0, 0x0000021617805aa8]
Event: 161.434 Thread 0x00000216345c2270 21771       4       com.mojang.text2speech.NarratorWindows::access$100 (4 bytes)
Event: 161.434 Thread 0x00000216345c2270 nmethod 21771 0x0000021617805210 code [0x0000021617805380, 0x00000216178053f8]
Event: 164.365 Thread 0x00000216345c2270 21772   !   4       java.util.concurrent.ForkJoinPool::managedBlock (158 bytes)
Event: 164.378 Thread 0x00000216345c2270 nmethod 21772 0x0000021617803b10 code [0x0000021617803d60, 0x0000021617804950]
Event: 165.640 Thread 0x00000216345d73b0 21773       3       net.minecraft.client.renderer.texture.TextureAtlasSprite::close (51 bytes)
Event: 165.640 Thread 0x00000216345d73b0 nmethod 21773 0x0000021610588710 code [0x00000216105888e0, 0x0000021610588bb8]
Event: 165.640 Thread 0x00000216345c2270 21774       4       net.minecraft.client.renderer.texture.NativeImage::close (39 bytes)
Event: 165.641 Thread 0x00000216345d73b0 21775       3       java.util.HashMap$Values::forEach (119 bytes)
Event: 165.641 Thread 0x00000216345c2270 nmethod 21774 0x0000021617803710 code [0x00000216178038a0, 0x00000216178039b8]
Event: 165.641 Thread 0x00000216345d73b0 nmethod 21775 0x00000216106b9d90 code [0x00000216106b9fa0, 0x00000216106ba5e8]
Event: 165.641 Thread 0x00000216345d73b0 21776       3       net.minecraft.client.gui.fonts.providers.UnicodeTextureGlyphProvider$$Lambda$5916/0x000000080192d178::accept (8 bytes)
Event: 165.641 Thread 0x00000216345d73b0 nmethod 21776 0x0000021610b3fe10 code [0x0000021610b3ffc0, 0x0000021610b40208]
Event: 165.641 Thread 0x00000216345d73b0 21777       3       java.util.HashMap::remove (26 bytes)
Event: 165.642 Thread 0x00000216345d73b0 nmethod 21777 0x0000021610fde590 code [0x0000021610fde760, 0x0000021610fdead8]
Event: 165.648 Thread 0x00000216345c2270 21778       4       org.lwjgl.system.MemoryUtil::memAddress (13 bytes)
Event: 165.649 Thread 0x00000216345c2270 nmethod 21778 0x0000021617803410 code [0x0000021617803580, 0x00000216178035f8]
Event: 165.649 Thread 0x00000216345c2270 21779       4       org.lwjgl.system.MemoryStack::mallocInt (19 bytes)
Event: 165.652 Thread 0x00000216345c2270 nmethod 21779 0x0000021617802f90 code [0x0000021617803120, 0x0000021617803278]

GC Heap History (20 events):
Event: 22.521 GC heap before
{Heap before GC invocations=65 (full 0):
 garbage-first heap   total 2551808K, used 1731903K [0x0000000601000000, 0x0000000800000000)
  region size 4096K, 373 young (1527808K), 5 survivors (20480K)
 Metaspace       used 62425K, committed 63488K, reserved 1105920K
  class space    used 8434K, committed 8896K, reserved 1048576K
}
Event: 22.531 GC heap after
{Heap after GC invocations=66 (full 0):
 garbage-first heap   total 2551808K, used 225289K [0x0000000601000000, 0x0000000800000000)
  region size 4096K, 5 young (20480K), 5 survivors (20480K)
 Metaspace       used 62425K, committed 63488K, reserved 1105920K
  class space    used 8434K, committed 8896K, reserved 1048576K
}
Event: 22.843 GC heap before
{Heap before GC invocations=66 (full 0):
 garbage-first heap   total 2551808K, used 1732617K [0x0000000601000000, 0x0000000800000000)
  region size 4096K, 373 young (1527808K), 5 survivors (20480K)
 Metaspace       used 62425K, committed 63488K, reserved 1105920K
  class space    used 8434K, committed 8896K, reserved 1048576K
}
Event: 22.852 GC heap after
{Heap after GC invocations=67 (full 0):
 garbage-first heap   total 2551808K, used 225758K [0x0000000601000000, 0x0000000800000000)
  region size 4096K, 5 young (20480K), 5 survivors (20480K)
 Metaspace       used 62425K, committed 63488K, reserved 1105920K
  class space    used 8434K, committed 8896K, reserved 1048576K
}
Event: 23.197 GC heap before
{Heap before GC invocations=67 (full 0):
 garbage-first heap   total 2551808K, used 1733086K [0x0000000601000000, 0x0000000800000000)
  region size 4096K, 373 young (1527808K), 5 survivors (20480K)
 Metaspace       used 62425K, committed 63488K, reserved 1105920K
  class space    used 8434K, committed 8896K, reserved 1048576K
}
Event: 23.206 GC heap after
{Heap after GC invocations=68 (full 0):
 garbage-first heap   total 2551808K, used 226009K [0x0000000601000000, 0x0000000800000000)
  region size 4096K, 5 young (20480K), 5 survivors (20480K)
 Metaspace       used 62425K, committed 63488K, reserved 1105920K
  class space    used 8434K, committed 8896K, reserved 1048576K
}
Event: 23.563 GC heap before
{Heap before GC invocations=68 (full 0):
 garbage-first heap   total 2551808K, used 1733337K [0x0000000601000000, 0x0000000800000000)
  region size 4096K, 373 young (1527808K), 5 survivors (20480K)
 Metaspace       used 62425K, committed 63488K, reserved 1105920K
  class space    used 8434K, committed 8896K, reserved 1048576K
}
Event: 23.573 GC heap after
{Heap after GC invocations=69 (full 0):
 garbage-first heap   total 2551808K, used 227554K [0x0000000601000000, 0x0000000800000000)
  region size 4096K, 5 young (20480K), 5 survivors (20480K)
 Metaspace       used 62425K, committed 63488K, reserved 1105920K
  class space    used 8434K, committed 8896K, reserved 1048576K
}
Event: 23.970 GC heap before
{Heap before GC invocations=69 (full 0):
 garbage-first heap   total 2551808K, used 1734882K [0x0000000601000000, 0x0000000800000000)
  region size 4096K, 373 young (1527808K), 5 survivors (20480K)
 Metaspace       used 62425K, committed 63488K, reserved 1105920K
  class space    used 8434K, committed 8896K, reserved 1048576K
}
Event: 23.979 GC heap after
{Heap after GC invocations=70 (full 0):
 garbage-first heap   total 2551808K, used 228760K [0x0000000601000000, 0x0000000800000000)
  region size 4096K, 5 young (20480K), 5 survivors (20480K)
 Metaspace       used 62425K, committed 63488K, reserved 1105920K
  class space    used 8434K, committed 8896K, reserved 1048576K
}
Event: 38.476 GC heap before
{Heap before GC invocations=70 (full 0):
 garbage-first heap   total 2551808K, used 1736088K [0x0000000601000000, 0x0000000800000000)
  region size 4096K, 373 young (1527808K), 5 survivors (20480K)
 Metaspace       used 74376K, committed 75520K, reserved 1114112K
  class space    used 10180K, committed 10688K, reserved 1048576K
}
Event: 38.514 GC heap after
{Heap after GC invocations=71 (full 0):
 garbage-first heap   total 2551808K, used 261824K [0x0000000601000000, 0x0000000800000000)
  region size 4096K, 13 young (53248K), 13 survivors (53248K)
 Metaspace       used 74376K, committed 75520K, reserved 1114112K
  class space    used 10180K, committed 10688K, reserved 1048576K
}
Event: 48.010 GC heap before
{Heap before GC invocations=71 (full 0):
 garbage-first heap   total 2551808K, used 1736384K [0x0000000601000000, 0x0000000800000000)
  region size 4096K, 373 young (1527808K), 13 survivors (53248K)
 Metaspace       used 82683K, committed 83904K, reserved 1122304K
  class space    used 11417K, committed 11968K, reserved 1048576K
}
Event: 48.074 GC heap after
{Heap after GC invocations=72 (full 0):
 garbage-first heap   total 2551808K, used 316386K [0x0000000601000000, 0x0000000800000000)
  region size 4096K, 26 young (106496K), 26 survivors (106496K)
 Metaspace       used 82683K, committed 83904K, reserved 1122304K
  class space    used 11417K, committed 11968K, reserved 1048576K
}
Event: 54.540 GC heap before
{Heap before GC invocations=72 (full 0):
 garbage-first heap   total 2551808K, used 1119202K [0x0000000601000000, 0x0000000800000000)
  region size 4096K, 223 young (913408K), 26 survivors (106496K)
 Metaspace       used 90263K, committed 91456K, reserved 1130496K
  class space    used 12241K, committed 12800K, reserved 1048576K
}
Event: 54.615 GC heap after
{Heap after GC invocations=73 (full 0):
 garbage-first heap   total 2551808K, used 366914K [0x0000000601000000, 0x0000000800000000)
  region size 4096K, 36 young (147456K), 36 survivors (147456K)
 Metaspace       used 90263K, committed 91456K, reserved 1130496K
  class space    used 12241K, committed 12800K, reserved 1048576K
}
Event: 97.370 GC heap before
{Heap before GC invocations=74 (full 0):
 garbage-first heap   total 1310720K, used 1001794K [0x0000000601000000, 0x0000000800000000)
  region size 4096K, 192 young (786432K), 36 survivors (147456K)
 Metaspace       used 94498K, committed 95808K, reserved 1138688K
  class space    used 12799K, committed 13376K, reserved 1048576K
}
Event: 97.433 GC heap after
{Heap after GC invocations=75 (full 0):
 garbage-first heap   total 1310720K, used 380222K [0x0000000601000000, 0x0000000800000000)
  region size 4096K, 5 young (20480K), 5 survivors (20480K)
 Metaspace       used 94498K, committed 95808K, reserved 1138688K
  class space    used 12799K, committed 13376K, reserved 1048576K
}
Event: 144.069 GC heap before
{Heap before GC invocations=76 (full 0):
 garbage-first heap   total 1310720K, used 1101118K [0x0000000601000000, 0x0000000800000000)
  region size 4096K, 181 young (741376K), 5 survivors (20480K)
 Metaspace       used 94557K, committed 95936K, reserved 1138688K
  class space    used 12807K, committed 13440K, reserved 1048576K
}
Event: 144.075 GC heap after
{Heap after GC invocations=77 (full 0):
 garbage-first heap   total 1310720K, used 366680K [0x0000000601000000, 0x0000000800000000)
  region size 4096K, 2 young (8192K), 2 survivors (8192K)
 Metaspace       used 94557K, committed 95936K, reserved 1138688K
  class space    used 12807K, committed 13440K, reserved 1048576K
}

Deoptimization events (20 events):
Event: 165.648 Thread 0x000002164226d020 Uncommon trap: trap_request=0xffffff45 fr.pc=0x0000021617f13590 relative=0x0000000000000170
Event: 165.648 Thread 0x000002164226b040 Uncommon trap: trap_request=0xffffff45 fr.pc=0x0000021617f13590 relative=0x0000000000000170
Event: 165.648 Thread 0x000002164226d020 Uncommon trap: reason=unstable_if action=reinterpret pc=0x0000021617f13590 method=java.util.concurrent.locks.ReentrantLock$Sync.tryLock()Z @ 34 c2
Event: 165.648 Thread 0x000002164226e010 Uncommon trap: trap_request=0xffffff45 fr.pc=0x0000021617f13590 relative=0x0000000000000170
Event: 165.648 Thread 0x000002164226b040 Uncommon trap: reason=unstable_if action=reinterpret pc=0x0000021617f13590 method=java.util.concurrent.locks.ReentrantLock$Sync.tryLock()Z @ 34 c2
Event: 165.648 Thread 0x000002164226e010 Uncommon trap: reason=unstable_if action=reinterpret pc=0x0000021617f13590 method=java.util.concurrent.locks.ReentrantLock$Sync.tryLock()Z @ 34 c2
Event: 165.648 Thread 0x000002164226d020 DEOPT PACKING pc=0x0000021617f13590 sp=0x000000710b3feeb0
Event: 165.648 Thread 0x000002164226b040 DEOPT PACKING pc=0x0000021617f13590 sp=0x000000710b5ff130
Event: 165.648 Thread 0x000002164226e010 DEOPT PACKING pc=0x0000021617f13590 sp=0x000000710b1ff390
Event: 165.648 Thread 0x000002164226b040 DEOPT UNPACKING pc=0x000002160f92d72e sp=0x000000710b5ff0e8 mode 2
Event: 165.648 Thread 0x000002164226d020 DEOPT UNPACKING pc=0x000002160f92d72e sp=0x000000710b3fee68 mode 2
Event: 165.648 Thread 0x000002164226e010 DEOPT UNPACKING pc=0x000002160f92d72e sp=0x000000710b1ff348 mode 2
Event: 165.648 Thread 0x000002164226aaf0 Uncommon trap: trap_request=0xffffff45 fr.pc=0x0000021617f13590 relative=0x0000000000000170
Event: 165.648 Thread 0x000002164226dac0 Uncommon trap: trap_request=0xffffff45 fr.pc=0x0000021617f13590 relative=0x0000000000000170
Event: 165.648 Thread 0x000002164226aaf0 Uncommon trap: reason=unstable_if action=reinterpret pc=0x0000021617f13590 method=java.util.concurrent.locks.ReentrantLock$Sync.tryLock()Z @ 34 c2
Event: 165.648 Thread 0x000002164226dac0 Uncommon trap: reason=unstable_if action=reinterpret pc=0x0000021617f13590 method=java.util.concurrent.locks.ReentrantLock$Sync.tryLock()Z @ 34 c2
Event: 165.648 Thread 0x000002164226aaf0 DEOPT PACKING pc=0x0000021617f13590 sp=0x000000710b2ff2d0
Event: 165.648 Thread 0x000002164226dac0 DEOPT PACKING pc=0x0000021617f13590 sp=0x000000710b6fef20
Event: 165.648 Thread 0x000002164226aaf0 DEOPT UNPACKING pc=0x000002160f92d72e sp=0x000000710b2ff288 mode 2
Event: 165.648 Thread 0x000002164226dac0 DEOPT UNPACKING pc=0x000002160f92d72e sp=0x000000710b6feed8 mode 2

Classes unloaded (9 events):
Event: 9.171 Thread 0x00000216345a53a0 Unloading class 0x0000000801207000 'java/lang/invoke/LambdaForm$DMH+0x0000000801207000'
Event: 9.171 Thread 0x00000216345a53a0 Unloading class 0x0000000801206c00 'java/lang/invoke/LambdaForm$DMH+0x0000000801206c00'
Event: 9.171 Thread 0x00000216345a53a0 Unloading class 0x0000000801207400 'java/lang/invoke/LambdaForm$DMH+0x0000000801207400'
Event: 9.171 Thread 0x00000216345a53a0 Unloading class 0x0000000801206800 'java/lang/invoke/LambdaForm$DMH+0x0000000801206800'
Event: 9.171 Thread 0x00000216345a53a0 Unloading class 0x0000000801206000 'java/lang/invoke/LambdaForm$DMH+0x0000000801206000'
Event: 9.171 Thread 0x00000216345a53a0 Unloading class 0x0000000801205400 'java/lang/invoke/LambdaForm$DMH+0x0000000801205400'
Event: 9.171 Thread 0x00000216345a53a0 Unloading class 0x0000000801205800 'java/lang/invoke/LambdaForm$DMH+0x0000000801205800'
Event: 9.171 Thread 0x00000216345a53a0 Unloading class 0x0000000801205c00 'java/lang/invoke/LambdaForm$DMH+0x0000000801205c00'
Event: 9.171 Thread 0x00000216345a53a0 Unloading class 0x0000000801204c00 'java/lang/invoke/LambdaForm$DMH+0x0000000801204c00'

Classes redefined (0 events):
No events

Internal exceptions (20 events):
Event: 69.712 Thread 0x000002164226cad0 Exception <a 'sun/nio/fs/WindowsException'{0x000000062b852778}> (0x000000062b852778) 
thrown [t:\workspace\open\src\hotspot\share\prims\jni.cpp, line 579]
Event: 69.713 Thread 0x0000021640efb0f0 Exception <a 'sun/nio/fs/WindowsException'{0x000000062b9528a8}> (0x000000062b9528a8) 
thrown [t:\workspace\open\src\hotspot\share\prims\jni.cpp, line 579]
Event: 69.715 Thread 0x000002164226cad0 Exception <a 'sun/nio/fs/WindowsException'{0x000000062b857c50}> (0x000000062b857c50) 
thrown [t:\workspace\open\src\hotspot\share\prims\jni.cpp, line 579]
Event: 69.718 Thread 0x0000021640efb0f0 Exception <a 'sun/nio/fs/WindowsException'{0x000000062b957d80}> (0x000000062b957d80) 
thrown [t:\workspace\open\src\hotspot\share\prims\jni.cpp, line 579]
Event: 69.720 Thread 0x000002164226cad0 Exception <a 'sun/nio/fs/WindowsException'{0x000000062b85d138}> (0x000000062b85d138) 
thrown [t:\workspace\open\src\hotspot\share\prims\jni.cpp, line 579]
Event: 69.721 Thread 0x0000021640efb0f0 Exception <a 'sun/nio/fs/WindowsException'{0x000000062b95d260}> (0x000000062b95d260) 
thrown [t:\workspace\open\src\hotspot\share\prims\jni.cpp, line 579]
Event: 69.723 Thread 0x000002164226cad0 Exception <a 'sun/nio/fs/WindowsException'{0x000000062b862618}> (0x000000062b862618) 
thrown [t:\workspace\open\src\hotspot\share\prims\jni.cpp, line 579]
Event: 69.724 Thread 0x0000021640efb0f0 Exception <a 'sun/nio/fs/WindowsException'{0x000000062b962770}> (0x000000062b962770) 
thrown [t:\workspace\open\src\hotspot\share\prims\jni.cpp, line 579]
Event: 69.727 Thread 0x000002164226cad0 Exception <a 'sun/nio/fs/WindowsException'{0x000000062b867b28}> (0x000000062b867b28) 
thrown [t:\workspace\open\src\hotspot\share\prims\jni.cpp, line 579]
Event: 69.728 Thread 0x0000021640efb0f0 Exception <a 'sun/nio/fs/WindowsException'{0x000000062b967c48}> (0x000000062b967c48) 
thrown [t:\workspace\open\src\hotspot\share\prims\jni.cpp, line 579]
Event: 69.730 Thread 0x000002164226cad0 Exception <a 'sun/nio/fs/WindowsException'{0x000000062b86d008}> (0x000000062b86d008) 
thrown [t:\workspace\open\src\hotspot\share\prims\jni.cpp, line 579]
Event: 69.732 Thread 0x0000021640efb0f0 Exception <a 'sun/nio/fs/WindowsException'{0x000000062b96d158}> (0x000000062b96d158) 
thrown [t:\workspace\open\src\hotspot\share\prims\jni.cpp, line 579]
Event: 69.733 Thread 0x000002164226cad0 Exception <a 'sun/nio/fs/WindowsException'{0x000000062b872518}> (0x000000062b872518) 
thrown [t:\workspace\open\src\hotspot\share\prims\jni.cpp, line 579]
Event: 69.735 Thread 0x0000021640efb0f0 Exception <a 'sun/nio/fs/WindowsException'{0x000000062b972638}> (0x000000062b972638) 
thrown [t:\workspace\open\src\hotspot\share\prims\jni.cpp, line 579]
Event: 69.737 Thread 0x000002164226cad0 Exception <a 'sun/nio/fs/WindowsException'{0x000000062b8779f0}> (0x000000062b8779f0) 
thrown [t:\workspace\open\src\hotspot\share\prims\jni.cpp, line 579]
Event: 69.739 Thread 0x0000021640efb0f0 Exception <a 'sun/nio/fs/WindowsException'{0x000000062b977b18}> (0x000000062b977b18) 
thrown [t:\workspace\open\src\hotspot\share\prims\jni.cpp, line 579]
Event: 79.366 Thread 0x0000021646a3afc0 Exception <a 'java/net/UnknownHostException'{0x000000062ae271d0}> (0x000000062ae271d0) 
thrown [t:\workspace\open\src\hotspot\share\prims\jni.cpp, line 579]
Event: 87.241 Thread 0x0000021608177bd0 Exception <a 'java/net/UnknownHostException'{0x0000000645bf2af8}> (0x0000000645bf2af8) 
thrown [t:\workspace\open\src\hotspot\share\prims\jni.cpp, line 579]
Event: 97.434 Thread 0x00000216345ac0e0 Exception <a 'java/net/SocketException'{0x000000069bc00068}: Socket is not connected: shutdown> (0x000000069bc00068) 
thrown [t:\workspace\open\src\hotspot\share\prims\jni.cpp, line 600]
Event: 165.623 Thread 0x0000021608177bd0 Exception <a 'java/lang/UnsatisfiedLinkError'{0x000000063c3b5810}: 'void com.mojang.text2speech.NarratorWindows$SAPIWrapperSolutionDLL.uninit(long)'> (0x000000063c3b5810) 
thrown [t:\workspace\open\src\hotspot\share\prims\nativeLookup.cpp, line 541]

Events (20 events):
Event: 145.076 Executing  VM operation: Cleanup
Event: 145.076 Executing  VM operation: Cleanup done
Event: 153.078 Executing  VM operation: Cleanup
Event: 153.078 Executing  VM operation: Cleanup done
Event: 158.678 Thread 0x0000021646952180 Thread added: 0x0000021646952180
Event: 158.838 Thread 0x0000021642269060 Thread exited: 0x0000021642269060
Event: 159.064 Thread 0x0000021646952180 Thread exited: 0x0000021646952180
Event: 162.081 Executing  VM operation: Cleanup
Event: 162.081 Executing  VM operation: Cleanup done
Event: 165.623 Thread 0x0000021646a3ba60 Thread exited: 0x0000021646a3ba60
Event: 165.623 Thread 0x0000021659c8e610 Thread added: 0x0000021659c8e610
Event: 165.641 Thread 0x0000021659c8e610 Thread exited: 0x0000021659c8e610
Event: 165.641 Thread 0x0000021659c8e610 Thread added: 0x0000021659c8e610
Event: 165.645 Thread 0x000002164226a5a0 Thread exited: 0x000002164226a5a0
Event: 165.648 Thread 0x000002164226f000 Thread exited: 0x000002164226f000
Event: 165.648 Thread 0x000002164226b040 Thread exited: 0x000002164226b040
Event: 165.648 Thread 0x000002164226d020 Thread exited: 0x000002164226d020
Event: 165.649 Thread 0x000002164226aaf0 Thread exited: 0x000002164226aaf0
Event: 165.649 Thread 0x000002164226e010 Thread exited: 0x000002164226e010
Event: 165.649 Thread 0x000002164226dac0 Thread exited: 0x000002164226dac0


Dynamic libraries:
0x00007ff70b5f0000 - 0x00007ff70b600000 	C:\Program Files\Java\jdk-16.0.2\bin\java.exe
0x00007ff93e860000 - 0x00007ff93ea2f000 	C:\Windows\SYSTEM32\ntdll.dll
0x00007ff93d8e0000 - 0x00007ff93d98d000 	C:\Windows\System32\KERNEL32.DLL
0x00007ff93af00000 - 0x00007ff93b11e000 	C:\Windows\System32\KERNELBASE.dll
0x00007ff93bcd0000 - 0x00007ff93bdc4000 	C:\Windows\System32\ucrtbase.dll
0x00007ff92a6a0000 - 0x00007ff92a6b9000 	C:\Program Files\Java\jdk-16.0.2\bin\VCRUNTIME140.dll
0x00007ff9293d0000 - 0x00007ff9293e8000 	C:\Program Files\Java\jdk-16.0.2\bin\jli.dll
0x00007ff93dfc0000 - 0x00007ff93e062000 	C:\Windows\System32\ADVAPI32.dll
0x00007ff93e370000 - 0x00007ff93e40e000 	C:\Windows\System32\msvcrt.dll
0x00007ff93d720000 - 0x00007ff93d779000 	C:\Windows\System32\sechost.dll
0x00007ff93c090000 - 0x00007ff93c1af000 	C:\Windows\System32\RPCRT4.dll
0x00007ff93dde0000 - 0x00007ff93df46000 	C:\Windows\System32\USER32.dll
0x00007ff93b2d0000 - 0x00007ff93b2ee000 	C:\Windows\System32\win32u.dll
0x00007ff939e20000 - 0x00007ff93a09a000 	C:\Windows\WinSxS\amd64_microsoft.windows.common-controls_6595b64144ccf1df_6.0.14393.4169_none_7de0bbf28341b1f2\COMCTL32.dll
0x00007ff93e7f0000 - 0x00007ff93e824000 	C:\Windows\System32\GDI32.dll
0x00007ff93e4b0000 - 0x00007ff93e776000 	C:\Windows\System32\combase.dll
0x00007ff93ad70000 - 0x00007ff93aef4000 	C:\Windows\System32\gdi32full.dll
0x00007ff93ad00000 - 0x00007ff93ad6c000 	C:\Windows\System32\bcryptPrimitives.dll
0x00007ff936960000 - 0x00007ff93696a000 	C:\Windows\SYSTEM32\VERSION.dll
0x00007ff93e420000 - 0x00007ff93e44e000 	C:\Windows\System32\IMM32.DLL
0x00007ff9365f0000 - 0x00007ff9365fc000 	C:\Program Files\Java\jdk-16.0.2\bin\vcruntime140_1.dll
0x00007ff90bb40000 - 0x00007ff90bbd1000 	C:\Program Files\Java\jdk-16.0.2\bin\msvcp140.dll
0x00007ff8eaef0000 - 0x00007ff8eba9b000 	C:\Program Files\Java\jdk-16.0.2\bin\server\jvm.dll
0x00007ff93bf80000 - 0x00007ff93bf88000 	C:\Windows\System32\PSAPI.DLL
0x00007ff92f240000 - 0x00007ff92f249000 	C:\Windows\SYSTEM32\WSOCK32.dll
0x00007ff939d90000 - 0x00007ff939db3000 	C:\Windows\SYSTEM32\WINMM.dll
0x00007ff93e780000 - 0x00007ff93e7ea000 	C:\Windows\System32\WS2_32.dll
0x00000216060d0000 - 0x00000216060fb000 	C:\Windows\SYSTEM32\WINMMBASE.dll
0x00007ff93b5a0000 - 0x00007ff93b5e2000 	C:\Windows\System32\cfgmgr32.dll
0x00007ff93ac80000 - 0x00007ff93ac8f000 	C:\Windows\System32\kernel.appcore.dll
0x00007ff936640000 - 0x00007ff93664a000 	C:\Program Files\Java\jdk-16.0.2\bin\jimage.dll
0x00007ff927f70000 - 0x00007ff928102000 	C:\Windows\SYSTEM32\DBGHELP.DLL
0x00007ff927c80000 - 0x00007ff927ca9000 	C:\Windows\SYSTEM32\dbgcore.DLL
0x00007ff937780000 - 0x00007ff93778e000 	C:\Program Files\Java\jdk-16.0.2\bin\instrument.dll
0x00007ff936610000 - 0x00007ff936635000 	C:\Program Files\Java\jdk-16.0.2\bin\java.dll
0x00007ff93a970000 - 0x00007ff93a99c000 	C:\Windows\SYSTEM32\SspiCli.dll
0x00007ff93c210000 - 0x00007ff93d715000 	C:\Windows\System32\SHELL32.dll
0x00007ff93b5f0000 - 0x00007ff93bcc3000 	C:\Windows\System32\windows.storage.dll
0x00007ff93ac90000 - 0x00007ff93acdc000 	C:\Windows\System32\powrprof.dll
0x00007ff93e450000 - 0x00007ff93e4a2000 	C:\Windows\System32\shlwapi.dll
0x00007ff93b4f0000 - 0x00007ff93b598000 	C:\Windows\System32\shcore.dll
0x00007ff93ace0000 - 0x00007ff93acf4000 	C:\Windows\System32\profapi.dll
0x00007ff9290f0000 - 0x00007ff929108000 	C:\Program Files\Java\jdk-16.0.2\bin\zip.dll
0x00007ff92d030000 - 0x00007ff92d049000 	C:\Program Files\Java\jdk-16.0.2\bin\net.dll
0x00007ff937b00000 - 0x00007ff937bcd000 	C:\Windows\SYSTEM32\WINHTTP.dll
0x00007ff93a5a0000 - 0x00007ff93a5fd000 	C:\Windows\system32\mswsock.dll
0x00007ff92d010000 - 0x00007ff92d023000 	C:\Program Files\Java\jdk-16.0.2\bin\nio.dll
0x00007ff928660000 - 0x00007ff92867a000 	E:\Intellij Idea\IntelliJ IDEA Community Edition 2023.2.5\bin\breakgen64.dll
0x00007ff9376e0000 - 0x00007ff9376e9000 	C:\Program Files\Java\jdk-16.0.2\bin\management.dll
0x00007ff9374b0000 - 0x00007ff9374bb000 	C:\Program Files\Java\jdk-16.0.2\bin\management_ext.dll
0x00007ff923870000 - 0x00007ff923886000 	C:\Windows\system32\napinsp.dll
0x00007ff923240000 - 0x00007ff92325a000 	C:\Windows\system32\pnrpnsp.dll
0x00007ff938b30000 - 0x00007ff938b48000 	C:\Windows\system32\NLAapi.dll
0x00007ff93a320000 - 0x00007ff93a3c2000 	C:\Windows\SYSTEM32\DNSAPI.dll
0x00007ff93bf70000 - 0x00007ff93bf78000 	C:\Windows\System32\NSI.dll
0x00007ff93a2e0000 - 0x00007ff93a318000 	C:\Windows\SYSTEM32\IPHLPAPI.DLL
0x00007ff923440000 - 0x00007ff92344e000 	C:\Windows\System32\winrnr.dll
0x00007ff92eae0000 - 0x00007ff92eaea000 	C:\Windows\System32\rasadhlp.dll
0x00007ff92f1c0000 - 0x00007ff92f22a000 	C:\Windows\System32\fwpuclnt.dll
0x00007ff93a850000 - 0x00007ff93a87b000 	C:\Windows\SYSTEM32\bcrypt.dll
0x00007ff9290e0000 - 0x00007ff9290f0000 	C:\Program Files\Java\jdk-16.0.2\bin\verify.dll
0x00007ff936660000 - 0x00007ff93666e000 	C:\Program Files\Java\jdk-16.0.2\bin\sunmscapi.dll
0x00007ff93b2f0000 - 0x00007ff93b4e3000 	C:\Windows\System32\CRYPT32.dll
0x00007ff93ac70000 - 0x00007ff93ac80000 	C:\Windows\System32\MSASN1.dll
0x00007ff93a820000 - 0x00007ff93a846000 	C:\Windows\SYSTEM32\ncrypt.dll
0x00007ff93a7e0000 - 0x00007ff93a81b000 	C:\Windows\SYSTEM32\NTASN1.dll
0x0000000063ab0000 - 0x0000000063ad5000 	C:\Program Files\Common Files\Crypto Pro\AppCompat\cpcrypt.dll
0x00007ff93a740000 - 0x00007ff93a757000 	C:\Windows\SYSTEM32\CRYPTSP.dll
0x0000000063a90000 - 0x0000000063aa9000 	C:\Program Files\Common Files\Crypto Pro\AppCompat\cpadvai.dll
0x00007ff93a160000 - 0x00007ff93a193000 	C:\Windows\system32\rsaenh.dll
0x00007ff93a3e0000 - 0x00007ff93a400000 	C:\Windows\SYSTEM32\USERENV.dll
0x00007ff93a760000 - 0x00007ff93a76b000 	C:\Windows\SYSTEM32\CRYPTBASE.dll
0x00007ff936e10000 - 0x00007ff936e26000 	C:\Windows\SYSTEM32\dhcpcsvc6.DLL
0x00007ff936c80000 - 0x00007ff936c9a000 	C:\Windows\SYSTEM32\dhcpcsvc.DLL
0x00007ff9215f0000 - 0x00007ff921662000 	C:\Users\Professional\lwjgl\3.2.2-build-10\lwjgl.dll
0x00007ff905ff0000 - 0x00007ff906241000 	C:\Users\Professional\lwjgl\3.2.2-build-10\jemalloc.dll
0x00007ff9242f0000 - 0x00007ff92434e000 	C:\Users\Professional\lwjgl\3.2.2-build-10\glfw.dll
0x00007ff9390d0000 - 0x00007ff939165000 	C:\Windows\system32\uxtheme.dll
0x00007ff939700000 - 0x00007ff939728000 	C:\Windows\SYSTEM32\DEVOBJ.dll
0x00007ff938280000 - 0x00007ff9382a6000 	C:\Windows\SYSTEM32\dwmapi.dll
0x00007ff93d780000 - 0x00007ff93d8db000 	C:\Windows\System32\MSCTF.dll
0x00007ff93e250000 - 0x00007ff93e310000 	C:\Windows\System32\OLEAUT32.dll
0x00007ff93b120000 - 0x00007ff93b1bc000 	C:\Windows\System32\msvcp_win.dll
0x00007ff93d9b0000 - 0x00007ff93ddd9000 	C:\Windows\System32\SETUPAPI.DLL
0x0000021637b10000 - 0x0000021637b65000 	C:\Windows\System32\WINTRUST.dll
0x00007ff8eda30000 - 0x00007ff8edb53000 	C:\Windows\SYSTEM32\opengl32.dll
0x00007ff92aa10000 - 0x00007ff92aa3d000 	C:\Windows\SYSTEM32\GLU32.dll
0x00007ff908f60000 - 0x00007ff909057000 	C:\Windows\SYSTEM32\DDRAW.dll
0x00007ff92b460000 - 0x00007ff92b468000 	C:\Windows\SYSTEM32\DCIMAN32.dll
0x00007ff8d9b80000 - 0x00007ff8dc860000 	C:\Windows\System32\DriverStore\FileRepository\nv_dispi.inf_amd64_8e1b465b962975a0\nvoglv64.dll
0x00007ff93e070000 - 0x00007ff93e1a9000 	C:\Windows\System32\ole32.dll
0x00007ff9377a0000 - 0x00007ff9377b3000 	C:\Windows\SYSTEM32\WTSAPI32.dll
0x00007ff935e50000 - 0x00007ff935e7f000 	C:\Windows\SYSTEM32\cryptnet.dll
0x00007ff939d20000 - 0x00007ff939d52000 	C:\Windows\SYSTEM32\ntmarta.dll
0x00007ff8e72f0000 - 0x00007ff8e75c1000 	C:\Windows\system32\nvspcap64.dll
0x00007ff92d320000 - 0x00007ff92d401000 	C:\Windows\SYSTEM32\drvstore.dll
0x00007ff939b50000 - 0x00007ff939b68000 	C:\Windows\SYSTEM32\wldp.dll
0x00007ff939dc0000 - 0x00007ff939e16000 	C:\Windows\SYSTEM32\WINSTA.dll
0x00007ff90e5d0000 - 0x00007ff90e64f000 	C:\Users\Professional\lwjgl\3.2.2-build-10\lwjgl_stb.dll
0x00007ff92c690000 - 0x00007ff92c721000 	C:\Windows\SYSTEM32\mscms.dll
0x00007ff938a70000 - 0x00007ff938ab2000 	C:\Windows\SYSTEM32\icm32.dll
0x00007ff907830000 - 0x00007ff907888000 	C:\Users\Professional\lwjgl\3.2.2-build-10\lwjgl_opengl.dll
0x00007ff9058f0000 - 0x00007ff905a04000 	C:\Users\Professional\lwjgl\3.2.2-build-10\OpenAL.dll
0x00007ff93e1b0000 - 0x00007ff93e24f000 	C:\Windows\System32\clbcatq.dll
0x00007ff930560000 - 0x00007ff9305cf000 	C:\Windows\System32\MMDevApi.dll
0x00007ff9378a0000 - 0x00007ff937a25000 	C:\Windows\System32\PROPSYS.dll
0x00007ff9034d0000 - 0x00007ff903564000 	C:\Windows\SYSTEM32\AUDIOSES.DLL
0x00007ff9371d0000 - 0x00007ff937300000 	C:\Windows\SYSTEM32\wintypes.dll
0x00007ff936110000 - 0x00007ff936290000 	C:\Program Files\Java\jdk-16.0.2\bin\awt.dll
0x00007ff938b50000 - 0x00007ff938bca000 	C:\Windows\SYSTEM32\apphelp.dll

dbghelp: loaded successfully - version: 4.0.5 - missing functions: none
symbol engine: initialized successfully - sym options: 0x614 - pdb path: .;C:\Program Files\Java\jdk-16.0.2\bin;C:\Windows\SYSTEM32;C:\Windows\WinSxS\amd64_microsoft.windows.common-controls_6595b64144ccf1df_6.0.14393.4169_none_7de0bbf28341b1f2;C:\Program Files\Java\jdk-16.0.2\bin\server;E:\Intellij Idea\IntelliJ IDEA Community Edition 2023.2.5\bin;C:\Program Files\Common Files\Crypto Pro\AppCompat;C:\Users\Professional\lwjgl\3.2.2-build-10;C:\Windows\System32\DriverStore\FileRepository\nv_dispi.inf_amd64_8e1b465b962975a0

VM Arguments:
jvm_args: -Dforge.logging.console.level=debug -Dforge.logging.markers=REGISTRIES -XX:+IgnoreUnrecognizedVMOptions --add-exports=java.base/sun.security.util=ALL-UNNAMED --add-exports=jdk.naming.dns/com.sun.jndi.dns=java.naming --add-opens=java.base/java.util.jar=ALL-UNNAMED -XX:HeapDumpPath=MojangTricksIntelDriversForPerformance_javaw.exe_minecraft.exe.heapdump -Dos.name=Windows 10 -Dos.version=10.0 -javaagent:E:\Intellij Idea\IntelliJ IDEA Community Edition 2023.2.5\lib\idea_rt.jar=55581:E:\Intellij Idea\IntelliJ IDEA Community Edition 2023.2.5\bin -Dfile.encoding=UTF-8 
java_command: net.minecraftforge.userdev.LaunchTesting
java_class_path (initial): E:\Intellij Idea\Projects\Metal_Universe\build\classes\java\main;E:\Intellij Idea\Projects\Metal_Universe\build\resources\main;C:\Users\Professional\.gradle\caches\forge_gradle\minecraft_user_repo\net\minecraftforge\forge\1.16.5-36.2.0_mapped_snapshot_20210309-1.16.5\forge-1.16.5-36.2.0_mapped_snapshot_20210309-1.16.5-recomp.jar;C:\Users\Professional\.gradle\caches\forge_gradle\minecraft_user_repo\net\minecraftforge\forge\1.16.5-36.2.0_mapped_snapshot_20210309-1.16.5\forge-1.16.5-36.2.0_mapped_snapshot_20210309-1.16.5-launcher.jar;C:\Users\Professional\.gradle\caches\forge_gradle\minecraft_repo\versions\1.16.5\client-extra.jar;C:\Users\Professional\.gradle\caches\modules-2\files-2.1\net.minecraftforge\mergetool\1.0.9\d1e1ba354a40b5703340b5cb02fdca489cff3646\mergetool-1.0.9-api.jar;C:\Users\Professional\.gradle\caches\modules-2\files-2.1\cpw.mods\modlauncher\8.0.9\bb848f57758808692b9108df61c909c0a961ba81\modlauncher-8.0.9.jar;C:\Users\Professional\.gradle\caches\modules-2\files-2.1\org.ow2.asm\asm-commons\9.1\8b971b182eb5cf100b9e8d4119152d83e00e0fdd\asm-commons-9.1.jar;C:\Users\Professional\.gradle\caches\modules-2\files-2.1\org.ow2.asm\asm-util\9.1\36464a45d871779f3383a8a9aba2b26562a86729\asm-util-9.1.jar;C:\Users\Professional\.gradle\caches\modules-2\files-2.1\org.ow2.asm\asm-analysis\9.1\4f61b83b81d8b659958f4bcc48907e93ecea55a0\asm-analysis-9.1.jar;C:\Users\Professional\.gradle\caches\modules-2\files-2.1\org.ow2.asm\asm-tree\9.1\c333f2a855069cb8eb17a40a3eb8b1b67755d0eb\asm-tree-9.1.jar;C:\Users\Professional\.gradle\caches\modules-2\files-2.1\org.ow2.asm\asm\9.1\a99500cf6eea30535eeac6be73899d048f8d12a8\asm-9.1.jar;C:\Users\Professional\.gradle\caches\modules-2\files-2.1\cpw.mods\grossjava9hacks\1.3.3\e49222512ea6cabdd8b49761cef1d5a207b1f0d9\grossjava9hacks-1.3.3.jar;C:\Users\Professional\.gradle\caches\modules-2\files-2.1\net.minecraftforge\accesstransformers\3.0.1\6d23c1b9cb0607fddc38d09730796f68db96f546\accesstransformers-3.0.1.jar;C:
Launcher Type: SUN_STANDARD

[Global flags]
     intx CICompilerCount                          = 12                                        {product} {ergonomic}
     uint ConcGCThreads                            = 3                                         {product} {ergonomic}
     uint G1ConcRefinementThreads                  = 13                                        {product} {ergonomic}
   size_t G1HeapRegionSize                         = 4194304                                   {product} {ergonomic}
    uintx GCDrainStackTargetSize                   = 64                                        {product} {ergonomic}
    ccstr HeapDumpPath                             = MojangTricksIntelDriversForPerformance_javaw.exe_minecraft.exe.heapdump         {manageable} {command line}
     bool IgnoreUnrecognizedVMOptions              = true                                      {product} {command line}
   size_t InitialHeapSize                          = 536870912                                 {product} {ergonomic}
   size_t MarkStackSize                            = 4194304                                   {product} {ergonomic}
   size_t MaxHeapSize                              = 8573157376                                {product} {ergonomic}
   size_t MaxNewSize                               = 5142216704                                {product} {ergonomic}
   size_t MinHeapDeltaBytes                        = 4194304                                   {product} {ergonomic}
   size_t MinHeapSize                              = 8388608                                   {product} {ergonomic}
    uintx NonNMethodCodeHeapSize                   = 7602480                                {pd product} {ergonomic}
    uintx NonProfiledCodeHeapSize                  = 122027880                              {pd product} {ergonomic}
    uintx ProfiledCodeHeapSize                     = 122027880                              {pd product} {ergonomic}
    uintx ReservedCodeCacheSize                    = 251658240                              {pd product} {ergonomic}
     bool SegmentedCodeCache                       = true                                      {product} {ergonomic}
   size_t SoftMaxHeapSize                          = 8573157376                             {manageable} {ergonomic}
     bool UseCompressedClassPointers               = true                           {product lp64_product} {ergonomic}
     bool UseCompressedOops                        = true                           {product lp64_product} {ergonomic}
     bool UseG1GC                                  = true                                      {product} {ergonomic}
     bool UseLargePagesIndividualAllocation        = false                                  {pd product} {ergonomic}

Logging:
Log output configuration:
 #0: stdout all=warning uptime,level,tags
 #1: stderr all=off uptime,level,tags

Environment Variables:



---------------  S Y S T E M  ---------------

OS:
 Windows 10 , 64 bit Build 14393 (10.0.14393.4651)
OS uptime: 0 days 4:23 hours

CPU: total 16 (initial active 16) (16 cores per cpu, 2 threads per core) family 23 model 8 stepping 2 microcode 0x800820d, cx8, cmov, fxsr, ht, mmx, 3dnowpref, sse, sse2, sse3, ssse3, sse4a, sse4.1, sse4.2, popcnt, lzcnt, tsc, tscinvbit, avx, avx2, aes, clmul, bmi1, bmi2, adx, sha, fma, vzeroupper, clflush, clflushopt

Memory: 4k page, system-wide physical 32698M (18257M free)
TotalPageFile size 37562M (AvailPageFile size 14626M)
current process WorkingSet (physical memory assigned to process): 1781M, peak: 3238M
current process commit charge ("private bytes"): 1913M, peak: 3442M

vm_info: Java HotSpot(TM) 64-Bit Server VM (16.0.2+7-67) for windows-amd64 JRE (16.0.2+7-67), built on Jun  8 2021 23:24:19 by "mach5one" with MS VC++ 16.7 (VS2019)

END.
